This is pdfTeX, Version 3.14159265-2.6-1.40.18 (TeX Live 2017/Debian) (preloaded format=pdfetex 2018.10.23)  14 MAY 2020 10:48
entering extended mode
 restricted \write18 enabled.
 %&-line parsing enabled.
**Manuscript_copy.pdf
(./Manuscript_copy.pdf
Missing character: There is no Ú in font cmr10!
Missing character: There is no í in font cmr10!
Missing character: There is no “ in font cmr10!
Missing character: There is no Ü in font cmr10!
Missing character: There is no ¶ in font cmr10!
Missing character: There is no ‘ in font cmr10!
Missing character: There is no ï in font cmr10!
Missing character: There is no ú in font cmr10!
Missing character: There is no ó in font cmr10!
Missing character: There is no – in font cmr10!
Missing character: There is no Ù in font cmr10!
Missing character: There is no  in font cmr10!
Missing character: There is no “ in font cmr10!
Missing character: There is no º in font cmr10!
Missing character: There is no ª in font cmr10!
Missing character: There is no “ in font cmr10!
Missing character: There is no ¢ in font cmr10!
Missing character: There is no Ô in font cmr10!
Missing character: There is no Ê in font cmr10!
Missing character: There is no Ù in font cmr10!
Missing character: There is no › in font cmr10!
Missing character: There is no ò in font cmr10!
Missing character: There is no Õ in font cmr10!
Missing character: There is no   in font cmr10!
Missing character: There is no ¸ in font cmr10!
Missing character: There is no » in font cmr10!
Missing character: There is no ´ in font cmr10!
Missing character: There is no ä in font cmr10!
Missing character: There is no š in font cmr10!
Missing character: There is no ä in font cmr10!
Missing character: There is no ¬ in font cmr10!
Missing character: There is no ¬ in font cmr10!
Missing character: There is no » in font cmr10!
Missing character: There is no Ÿ in font cmr10!
Missing character: There is no ş in font cmr10!
Missing character: There is no Î in font cmr10!
Missing character: There is no ’ in font cmr10!
Missing character: There is no ç in font cmr10!
Missing character: There is no å in font cmr10!
Missing character: There is no ª in font cmr10!
Missing character: There is no î in font cmr10!
Missing character: There is no ‰ in font cmr10!
Missing character: There is no  in font cmr10!

! Text line contains an invalid character.
l.10 ...f¸»´8äšä¬¬»?Ÿş^^B	Î@’cçåªî‰@^^S^^D^^ZF^^?
                                                  3İÜmÒÍ^^_Ÿ¤ò|~óä›oÚ(•”Y¦7...

? 
Missing character: There is no İ in font cmr10!
! Interruption.
<to be read again> 
                   Ü
l.10 ...´8äšä¬¬»?Ÿş^^B	Î@’cçåªî‰@^^S^^D^^ZF^^?3İÜ
                                                  mÒÍ^^_Ÿ¤ò|~óä›oÚ(•”Y¦77·›...

? exit
No pages of output.
PDF statistics:
 0 PDF objects out of 1000 (max. 8388607)
 0 named destinations out of 1000 (max. 500000)
 1 words of extra memory for PDF output out of 10000 (max. 10000000)

