This is pdfTeX, Version 3.14159265-2.6-1.40.18 (TeX Live 2017/Debian) (preloaded format=pdflatex 2018.10.23)  8 JUN 2020 15:31
entering extended mode
 restricted \write18 enabled.
 %&-line parsing enabled.
**Manuscript.tex
(./Manuscript.tex
LaTeX2e <2017-04-15>
Babel <3.18> and hyphenation patterns for 9 language(s) loaded.
(/usr/share/texlive/texmf-dist/tex/latex/revtex/revtex4-1.cls
Document Class: revtex4-1 2010/07/25/20:33:00 4.1r (http://publish.aps.org/revt
ex4/ for documentation)
 Copyright (c) 2009 The American Physical Society.
 mailto:revtex@aps.org
 Licensed under the LPPL:
http://www.ctan.org/tex-archive/macros/latex/base/lppl.txt
 Arthur Ogawa <arthur_ogawa at sbcglobal dot net>
 Based on work by David Carlisle <david at dcarlisle.demon.co.uk>.
ltxutil[2010/07/25/20:33:00 4.1r utilities package (portions licensed from W. E
. Baxter web at superscript.com)]
LaTeX Info: Redefining \@centercr on input line 308.
Class revtex4-1 Info: Repairing broken LaTeX eqnarray on input line 358.
\eqncolsep=\skip41
Class revtex4-1 Info: Repairing hyperref-unfriendly LaTeX definition of \mpfoot
note on input line 433.
Class revtex4-1 Info: Repairing broken LateX \@sect on input line 755.
\intertabularlinepenalty=\count79
\@tbpen=\count80
\@arstrutbox@hline=\box26
Class revtex4-1 Info: Repairing broken LaTeX \@xbitor on input line 1786.
Class revtex4-1 Info: Making \typeout \long on input line 2046.
ltxfront[2010/07/25/20:33:00 4.1r frontmatter package (AO,DPC)]
\c@affil=\count81
\c@collab=\count82
\absbox=\box27
ltxgrid[2010/07/25/20:33:00 4.1r page grid package (portions licensed from W. E
. Baxter web at superscript.com)]
\c@linecount=\count83
\output@latex=\toks14
\box@size@1=\box28
\box@size@2=\box29
\@protection@box=\box30
\@topmark@saved=\toks15
\footins@saved=\box31
\footins@recovered=\box32
\column@recovered=\box33
\pagesofar=\box34
\footsofar=\box35
\pagegrid@col=\count84
Class revtex4-1 Info: Overriding \@vspace, \@vspacer, \@no@pgbk, \@newline, and
 \\  on input line 5578.
\c@part=\count85
\c@section=\count86
\c@subsection=\count87
\c@subsubsection=\count88
\c@paragraph=\count89
\c@subparagraph=\count90
\abovecaptionskip=\skip42
\belowcaptionskip=\skip43
\c@figure=\count91
\fbox@1=\box36
\c@table=\count92
\fbox@2=\box37
\c@video=\count93
\fbox@4=\box38
\@bibdataout=\write3
\widetext@top=\box39
\widetext@bot=\box40
Class revtex4-1 Info: Selecting society aps on input line 7542.
(/usr/share/texlive/texmf-dist/tex/latex/revtex/aps4-1.rtx
File: aps4-1 2010/07/25/20:33:00 4.1r (http://publish.aps.org/revtex4/ for docu
mentation)
Class revtex4-1 Info: RevTeX society APS selected on input line 31.
)
Class revtex4-1 Info: Selecting journal pre on input line 7544.
Class revtex4-1 Info: APS journal PRE selected on input line 7545.

(/usr/share/texlive/texmf-dist/tex/latex/revtex/aps10pt4-1.rtx
File: aps10pt4-1 2010/07/25/20:33:00 4.1r (http://publish.aps.org/revtex4/ for 
documentation)
Class revtex4-1 Info: RevTeX pointsize 10pt selected on input line 30.
)
(/usr/share/texlive/texmf-dist/tex/latex/textcase/textcase.sty
Package: textcase 2004/10/07 v0.07 Text only upper/lower case changing (DPC)
)
(/usr/share/texlive/texmf-dist/tex/latex/url/url.sty
\Urlmuskip=\muskip10
Package: url 2013/09/16  ver 3.4  Verb mode for urls, etc.
)
(/usr/share/texlive/texmf-dist/tex/latex/natbib/natbib.sty
Package: natbib 2010/09/13 8.31b (PWD, AO)
\bibhang=\skip44
\bibsep=\skip45
LaTeX Info: Redefining \cite on input line 694.
\c@NAT@ctr=\count94
)
Class revtex4-1 Info: Repairing natbib's \BibitemShut on input line 7549.

(/usr/share/texlive/texmf-dist/tex/latex/revtex/revsymb4-1.sty
Package: revsymb4-1 2010/07/25/20:33:00 4.1r (http://publish.aps.org/revtex4/ f
or documentation)
LaTeX Info: Redefining \REV@mathfrak on input line 119.
))
(/usr/share/texlive/texmf-dist/tex/latex/amsmath/amsmath.sty
Package: amsmath 2017/09/02 v2.17a AMS math features
\@mathmargin=\skip46

For additional information on amsmath, use the `?' option.
(/usr/share/texlive/texmf-dist/tex/latex/amsmath/amstext.sty
Package: amstext 2000/06/29 v2.01 AMS text

(/usr/share/texlive/texmf-dist/tex/latex/amsmath/amsgen.sty
File: amsgen.sty 1999/11/30 v2.0 generic functions
\@emptytoks=\toks16
\ex@=\dimen102
)
LaTeX Info: Redefining \text on input line 28.
)
(/usr/share/texlive/texmf-dist/tex/latex/amsmath/amsbsy.sty
Package: amsbsy 1999/11/29 v1.2d Bold Symbols
\pmbraise@=\dimen103
)
(/usr/share/texlive/texmf-dist/tex/latex/amsmath/amsopn.sty
Package: amsopn 2016/03/08 v2.02 operator names
)
\inf@bad=\count95
LaTeX Info: Redefining \frac on input line 213.
\uproot@=\count96
\leftroot@=\count97
LaTeX Info: Redefining \overline on input line 375.
\classnum@=\count98
\DOTSCASE@=\count99
LaTeX Info: Redefining \ldots on input line 472.
LaTeX Info: Redefining \dots on input line 475.
LaTeX Info: Redefining \cdots on input line 596.
\Mathstrutbox@=\box41
\strutbox@=\box42
\big@size=\dimen104
LaTeX Font Info:    Redeclaring font encoding OML on input line 712.
LaTeX Font Info:    Redeclaring font encoding OMS on input line 713.
\macc@depth=\count100
\c@MaxMatrixCols=\count101
\dotsspace@=\muskip11
\c@parentequation=\count102
\dspbrk@lvl=\count103
\tag@help=\toks17
\row@=\count104
\column@=\count105
\maxfields@=\count106
\andhelp@=\toks18
\eqnshift@=\dimen105
\alignsep@=\dimen106
\tagshift@=\dimen107
\tagwidth@=\dimen108
\totwidth@=\dimen109
\lineht@=\dimen110
\@envbody=\toks19
\multlinegap=\skip47
\multlinetaggap=\skip48
\mathdisplay@stack=\toks20
LaTeX Info: Redefining \[ on input line 2817.
LaTeX Info: Redefining \] on input line 2818.
)
(/usr/share/texlive/texmf-dist/tex/latex/graphics/color.sty
Package: color 2016/07/10 v1.1e Standard LaTeX Color (DPC)

(/usr/share/texlive/texmf-dist/tex/latex/graphics-cfg/color.cfg
File: color.cfg 2016/01/02 v1.6 sample color configuration
)
Package color Info: Driver file: pdftex.def on input line 147.

(/usr/share/texlive/texmf-dist/tex/latex/graphics-def/pdftex.def
File: pdftex.def 2018/01/08 v1.0l Graphics/color driver for pdftex
))
(/usr/share/texlive/texmf-dist/tex/latex/graphics/graphicx.sty
Package: graphicx 2017/06/01 v1.1a Enhanced LaTeX Graphics (DPC,SPQR)

(/usr/share/texlive/texmf-dist/tex/latex/graphics/keyval.sty
Package: keyval 2014/10/28 v1.15 key=value parser (DPC)
\KV@toks@=\toks21
)
(/usr/share/texlive/texmf-dist/tex/latex/graphics/graphics.sty
Package: graphics 2017/06/25 v1.2c Standard LaTeX Graphics (DPC,SPQR)

(/usr/share/texlive/texmf-dist/tex/latex/graphics/trig.sty
Package: trig 2016/01/03 v1.10 sin cos tan (DPC)
)
(/usr/share/texlive/texmf-dist/tex/latex/graphics-cfg/graphics.cfg
File: graphics.cfg 2016/06/04 v1.11 sample graphics configuration
)
Package graphics Info: Driver file: pdftex.def on input line 99.
)
\Gin@req@height=\dimen111
\Gin@req@width=\dimen112
)
(/usr/share/texlive/texmf-dist/tex/latex/tools/dcolumn.sty
Package: dcolumn 2014/10/28 v1.06 decimal alignment package (DPC)

(/usr/share/texlive/texmf-dist/tex/latex/tools/array.sty
Package: array 2016/10/06 v2.4d Tabular extension package (FMi)
\col@sep=\dimen113
\extrarowheight=\dimen114
\NC@list=\toks22
\extratabsurround=\skip49
\backup@length=\skip50
))
(/usr/share/texlive/texmf-dist/tex/latex/tools/verbatim.sty
Package: verbatim 2014/10/28 v1.5q LaTeX2e package for verbatim enhancements
\every@verbatim=\toks23
\verbatim@line=\toks24
\verbatim@in@stream=\read1
)
(/usr/share/texlive/texmf-dist/tex/latex/oberdiek/epstopdf.sty
Package: epstopdf 2016/05/15 v2.6 Conversion with epstopdf on the fly (HO)

(/usr/share/texlive/texmf-dist/tex/latex/oberdiek/epstopdf-base.sty
Package: epstopdf-base 2016/05/15 v2.6 Base part for package epstopdf

(/usr/share/texlive/texmf-dist/tex/generic/oberdiek/infwarerr.sty
Package: infwarerr 2016/05/16 v1.4 Providing info/warning/error messages (HO)
)
(/usr/share/texlive/texmf-dist/tex/latex/oberdiek/grfext.sty
Package: grfext 2016/05/16 v1.2 Manage graphics extensions (HO)

(/usr/share/texlive/texmf-dist/tex/generic/oberdiek/kvdefinekeys.sty
Package: kvdefinekeys 2016/05/16 v1.4 Define keys (HO)

(/usr/share/texlive/texmf-dist/tex/generic/oberdiek/ltxcmds.sty
Package: ltxcmds 2016/05/16 v1.23 LaTeX kernel commands for general use (HO)
)))
(/usr/share/texlive/texmf-dist/tex/latex/oberdiek/kvoptions.sty
Package: kvoptions 2016/05/16 v3.12 Key value format for package options (HO)

(/usr/share/texlive/texmf-dist/tex/generic/oberdiek/kvsetkeys.sty
Package: kvsetkeys 2016/05/16 v1.17 Key value parser (HO)

(/usr/share/texlive/texmf-dist/tex/generic/oberdiek/etexcmds.sty
Package: etexcmds 2016/05/16 v1.6 Avoid name clashes with e-TeX commands (HO)

(/usr/share/texlive/texmf-dist/tex/generic/oberdiek/ifluatex.sty
Package: ifluatex 2016/05/16 v1.4 Provides the ifluatex switch (HO)
Package ifluatex Info: LuaTeX not detected.
)
Package etexcmds Info: Could not find \expanded.
(etexcmds)             That can mean that you are not using pdfTeX 1.50 or
(etexcmds)             that some package has redefined \expanded.
(etexcmds)             In the latter case, load this package earlier.
)))
(/usr/share/texlive/texmf-dist/tex/generic/oberdiek/pdftexcmds.sty
Package: pdftexcmds 2018/01/21 v0.26 Utility functions of pdfTeX for LuaTeX (HO
)

(/usr/share/texlive/texmf-dist/tex/generic/oberdiek/ifpdf.sty
Package: ifpdf 2017/03/15 v3.2 Provides the ifpdf switch
)
Package pdftexcmds Info: LuaTeX not detected.
Package pdftexcmds Info: \pdf@primitive is available.
Package pdftexcmds Info: \pdf@ifprimitive is available.
Package pdftexcmds Info: \pdfdraftmode found.
)
Package epstopdf-base Info: Redefining graphics rule for `.eps' on input line 4
38.
Package grfext Info: Graphics extension search list:
(grfext)             [.pdf,.png,.jpg,.mps,.jpeg,.jbig2,.jb2,.PDF,.PNG,.JPG,.JPE
G,.JBIG2,.JB2,.eps]
(grfext)             \AppendGraphicsExtensions on input line 456.

(/usr/share/texlive/texmf-dist/tex/latex/latexconfig/epstopdf-sys.cfg
File: epstopdf-sys.cfg 2010/07/13 v1.3 Configuration of (r)epstopdf for TeX Liv
e
)))
(/usr/share/texlive/texmf-dist/tex/latex/base/inputenc.sty
Package: inputenc 2015/03/17 v1.2c Input encoding file
\inpenc@prehook=\toks25
\inpenc@posthook=\toks26
)
(/usr/share/texlive/texmf-dist/tex/latex/amsfonts/amssymb.sty
Package: amssymb 2013/01/14 v3.01 AMS font symbols

(/usr/share/texlive/texmf-dist/tex/latex/amsfonts/amsfonts.sty
Package: amsfonts 2013/01/14 v3.01 Basic AMSFonts support
\symAMSa=\mathgroup4
\symAMSb=\mathgroup5
LaTeX Font Info:    Overwriting math alphabet `\mathfrak' in version `bold'
(Font)                  U/euf/m/n --> U/euf/b/n on input line 106.
LaTeX Info: Redefining \frak on input line 111.
LaTeX Info: Redefining \Bbb on input line 113.
))
Class revtex4-1 Info: Unrecognized array package. Please update this document c
lass! (Proceeding with fingers crossed.) on input line 47.
Class revtex4-1 Info: Robustifying \LaTeX's \boldmath command on input line 47.

Class revtex4-1 Info: cite was not loaded (OK!) on input line 47.
Class revtex4-1 Info: mcite was not loaded (OK!) on input line 47.
Class revtex4-1 Info: multicol was not loaded (OK!) on input line 47.

(./Manuscript.aux)
\openout1 = `Manuscript.aux'.

LaTeX Font Info:    Checking defaults for OML/cmm/m/it on input line 47.
LaTeX Font Info:    ... okay on input line 47.
LaTeX Font Info:    Checking defaults for T1/cmr/m/n on input line 47.
LaTeX Font Info:    ... okay on input line 47.
LaTeX Font Info:    Checking defaults for OT1/cmr/m/n on input line 47.
LaTeX Font Info:    ... okay on input line 47.
LaTeX Font Info:    Checking defaults for OMS/cmsy/m/n on input line 47.
LaTeX Font Info:    ... okay on input line 47.
LaTeX Font Info:    Checking defaults for OMX/cmex/m/n on input line 47.
LaTeX Font Info:    ... okay on input line 47.
LaTeX Font Info:    Checking defaults for U/cmr/m/n on input line 47.
LaTeX Font Info:    ... okay on input line 47.

(/usr/share/texlive/texmf-dist/tex/context/base/mkii/supp-pdf.mkii
[Loading MPS to PDF converter (version 2006.09.02).]
\scratchcounter=\count107
\scratchdimen=\dimen115
\scratchbox=\box43
\nofMPsegments=\count108
\nofMParguments=\count109
\everyMPshowfont=\toks27
\MPscratchCnt=\count110
\MPscratchDim=\dimen116
\MPnumerator=\count111
\makeMPintoPDFobject=\count112
\everyMPtoPDFconversion=\toks28
)
\openout3 = `ManuscriptNotes.bib'.

LaTeX Font Info:    Try loading font information for U+msa on input line 62.
 (/usr/share/texlive/texmf-dist/tex/latex/amsfonts/umsa.fd
File: umsa.fd 2013/01/14 v3.01 AMS symbols A
)
LaTeX Font Info:    Try loading font information for U+msb on input line 62.

(/usr/share/texlive/texmf-dist/tex/latex/amsfonts/umsb.fd
File: umsb.fd 2013/01/14 v3.01 AMS symbols B
) [1{/var/lib/texmf/fonts/map/pdftex/updmap/pdftex.map}] [2]
Underfull \hbox (badness 3229) in paragraph at lines 157--158
[]\OT1/cmr/m/n/10 Where $\OML/cmm/m/it/10 G[]\OT1/cmr/m/n/10 (\OML/cmm/m/it/10 
E[]\OT1/cmr/m/n/10 )$ is the ex-act den-sity of states,
 []

[3]
Package epstopdf Info: Source file: <fig1a.eps>
(epstopdf)                    date: 2020-05-13 13:53:17
(epstopdf)                    size: 822359 bytes
(epstopdf)             Output file: <fig1a-eps-converted-to.pdf>
(epstopdf)                    date: 2020-05-13 13:53:57
(epstopdf)                    size: 160144 bytes
(epstopdf)             Command: <repstopdf --outfile=fig1a-eps-converted-to.pdf
 fig1a.eps>
(epstopdf)             \includegraphics on input line 162.
Package epstopdf Info: Output file is already uptodate.


pdfTeX warning: pdflatex (file ./fig1a-eps-converted-to.pdf): PDF inclusion: fo
und PDF version <1.7>, but at most version <1.5> allowed
<fig1a-eps-converted-to.pdf, id=31, 760.8425pt x 534.99875pt>
File: fig1a-eps-converted-to.pdf Graphic file (type pdf)
<use fig1a-eps-converted-to.pdf>
Package pdftex.def Info: fig1a-eps-converted-to.pdf  used on input line 162.
(pdftex.def)             Requested size: 244.69386pt x 172.06024pt.
Package epstopdf Info: Source file: <fig1b.eps>
(epstopdf)                    date: 2020-05-13 13:53:17
(epstopdf)                    size: 182263 bytes
(epstopdf)             Output file: <fig1b-eps-converted-to.pdf>
(epstopdf)                    date: 2020-05-13 13:53:57
(epstopdf)                    size: 61641 bytes
(epstopdf)             Command: <repstopdf --outfile=fig1b-eps-converted-to.pdf
 fig1b.eps>
(epstopdf)             \includegraphics on input line 164.
Package epstopdf Info: Output file is already uptodate.


pdfTeX warning: pdflatex (file ./fig1b-eps-converted-to.pdf): PDF inclusion: fo
und PDF version <1.7>, but at most version <1.5> allowed
<fig1b-eps-converted-to.pdf, id=32, 779.91376pt x 510.90875pt>
File: fig1b-eps-converted-to.pdf Graphic file (type pdf)
<use fig1b-eps-converted-to.pdf>
Package pdftex.def Info: fig1b-eps-converted-to.pdf  used on input line 164.
(pdftex.def)             Requested size: 244.69386pt x 160.29005pt.

LaTeX Warning: `!h' float specifier changed to `!ht'.

[4 <./fig1a-eps-converted-to.pdf> <./fig1b-eps-converted-to.pdf>]
Package epstopdf Info: Source file: <fig2a.eps>
(epstopdf)                    date: 2020-05-13 13:53:17
(epstopdf)                    size: 16463 bytes
(epstopdf)             Output file: <fig2a-eps-converted-to.pdf>
(epstopdf)                    date: 2020-05-13 13:53:57
(epstopdf)                    size: 8309 bytes
(epstopdf)             Command: <repstopdf --outfile=fig2a-eps-converted-to.pdf
 fig2a.eps>
(epstopdf)             \includegraphics on input line 172.
Package epstopdf Info: Output file is already uptodate.


pdfTeX warning: pdflatex (file ./fig2a-eps-converted-to.pdf): PDF inclusion: fo
und PDF version <1.7>, but at most version <1.5> allowed
<fig2a-eps-converted-to.pdf, id=48, 722.7pt x 509.905pt>
File: fig2a-eps-converted-to.pdf Graphic file (type pdf)
<use fig2a-eps-converted-to.pdf>
Package pdftex.def Info: fig2a-eps-converted-to.pdf  used on input line 172.
(pdftex.def)             Requested size: 241.84842pt x 170.63445pt.
Package epstopdf Info: Source file: <fig2b.eps>
(epstopdf)                    date: 2020-05-13 13:53:17
(epstopdf)                    size: 17002 bytes
(epstopdf)             Output file: <fig2b-eps-converted-to.pdf>
(epstopdf)                    date: 2020-05-13 13:53:57
(epstopdf)                    size: 8545 bytes
(epstopdf)             Command: <repstopdf --outfile=fig2b-eps-converted-to.pdf
 fig2b.eps>
(epstopdf)             \includegraphics on input line 174.
Package epstopdf Info: Output file is already uptodate.


pdfTeX warning: pdflatex (file ./fig2b-eps-converted-to.pdf): PDF inclusion: fo
und PDF version <1.7>, but at most version <1.5> allowed
<fig2b-eps-converted-to.pdf, id=49, 722.7pt x 509.905pt>
File: fig2b-eps-converted-to.pdf Graphic file (type pdf)
<use fig2b-eps-converted-to.pdf>
Package pdftex.def Info: fig2b-eps-converted-to.pdf  used on input line 174.
(pdftex.def)             Requested size: 241.84842pt x 170.63445pt.
Package epstopdf Info: Source file: <fig3a.eps>
(epstopdf)                    date: 2020-05-13 13:53:17
(epstopdf)                    size: 29891 bytes
(epstopdf)             Output file: <fig3a-eps-converted-to.pdf>
(epstopdf)                    date: 2020-05-13 13:53:57
(epstopdf)                    size: 13377 bytes
(epstopdf)             Command: <repstopdf --outfile=fig3a-eps-converted-to.pdf
 fig3a.eps>
(epstopdf)             \includegraphics on input line 181.
Package epstopdf Info: Output file is already uptodate.


pdfTeX warning: pdflatex (file ./fig3a-eps-converted-to.pdf): PDF inclusion: fo
und PDF version <1.7>, but at most version <1.5> allowed
<fig3a-eps-converted-to.pdf, id=50, 714.67pt x 533.995pt>
File: fig3a-eps-converted-to.pdf Graphic file (type pdf)
<use fig3a-eps-converted-to.pdf>
Package pdftex.def Info: fig3a-eps-converted-to.pdf  used on input line 181.
(pdftex.def)             Requested size: 244.69386pt x 182.83514pt.
Package epstopdf Info: Source file: <fig3b.eps>
(epstopdf)                    date: 2020-05-18 11:50:40
(epstopdf)                    size: 27655 bytes
(epstopdf)             Output file: <fig3b-eps-converted-to.pdf>
(epstopdf)                    date: 2020-05-18 11:50:58
(epstopdf)                    size: 12445 bytes
(epstopdf)             Command: <repstopdf --outfile=fig3b-eps-converted-to.pdf
 fig3b.eps>
(epstopdf)             \includegraphics on input line 183.
Package epstopdf Info: Output file is already uptodate.


pdfTeX warning: pdflatex (file ./fig3b-eps-converted-to.pdf): PDF inclusion: fo
und PDF version <1.7>, but at most version <1.5> allowed
<fig3b-eps-converted-to.pdf, id=51, 714.67pt x 533.995pt>
File: fig3b-eps-converted-to.pdf Graphic file (type pdf)
<use fig3b-eps-converted-to.pdf>
Package pdftex.def Info: fig3b-eps-converted-to.pdf  used on input line 183.
(pdftex.def)             Requested size: 244.69386pt x 182.83514pt.

LaTeX Warning: `!h' float specifier changed to `!ht'.

[5 <./fig2a-eps-converted-to.pdf> <./fig2b-eps-converted-to.pdf> <./fig3a-eps-c
onverted-to.pdf> <./fig3b-eps-converted-to.pdf>]
Package epstopdf Info: Source file: <fig4a.eps>
(epstopdf)                    date: 2020-05-29 11:09:31
(epstopdf)                    size: 48474 bytes
(epstopdf)             Output file: <fig4a-eps-converted-to.pdf>
(epstopdf)                    date: 2020-05-29 11:09:55
(epstopdf)                    size: 20463 bytes
(epstopdf)             Command: <repstopdf --outfile=fig4a-eps-converted-to.pdf
 fig4a.eps>
(epstopdf)             \includegraphics on input line 198.
Package epstopdf Info: Output file is already uptodate.


pdfTeX warning: pdflatex (file ./fig4a-eps-converted-to.pdf): PDF inclusion: fo
und PDF version <1.7>, but at most version <1.5> allowed
<fig4a-eps-converted-to.pdf, id=83, 750.805pt x 506.89375pt>
File: fig4a-eps-converted-to.pdf Graphic file (type pdf)
<use fig4a-eps-converted-to.pdf>
Package pdftex.def Info: fig4a-eps-converted-to.pdf  used on input line 198.
(pdftex.def)             Requested size: 244.69386pt x 165.19485pt.
Package epstopdf Info: Source file: <fig4b.eps>
(epstopdf)                    date: 2020-05-29 11:09:31
(epstopdf)                    size: 45021 bytes
(epstopdf)             Output file: <fig4b-eps-converted-to.pdf>
(epstopdf)                    date: 2020-05-29 11:09:55
(epstopdf)                    size: 19417 bytes
(epstopdf)             Command: <repstopdf --outfile=fig4b-eps-converted-to.pdf
 fig4b.eps>
(epstopdf)             \includegraphics on input line 200.
Package epstopdf Info: Output file is already uptodate.


pdfTeX warning: pdflatex (file ./fig4b-eps-converted-to.pdf): PDF inclusion: fo
und PDF version <1.7>, but at most version <1.5> allowed
<fig4b-eps-converted-to.pdf, id=84, 751.80875pt x 509.905pt>
File: fig4b-eps-converted-to.pdf Graphic file (type pdf)
<use fig4b-eps-converted-to.pdf>
Package pdftex.def Info: fig4b-eps-converted-to.pdf  used on input line 200.
(pdftex.def)             Requested size: 244.69386pt x 165.95834pt.

LaTeX Warning: `!h' float specifier changed to `!ht'.

[6 <./fig4a-eps-converted-to.pdf> <./fig4b-eps-converted-to.pdf>]
Package epstopdf Info: Source file: <fig5a.eps>
(epstopdf)                    date: 2020-05-13 13:53:17
(epstopdf)                    size: 141611 bytes
(epstopdf)             Output file: <fig5a-eps-converted-to.pdf>
(epstopdf)                    date: 2020-05-13 13:53:59
(epstopdf)                    size: 36689 bytes
(epstopdf)             Command: <repstopdf --outfile=fig5a-eps-converted-to.pdf
 fig5a.eps>
(epstopdf)             \includegraphics on input line 228.
Package epstopdf Info: Output file is already uptodate.


pdfTeX warning: pdflatex (file ./fig5a-eps-converted-to.pdf): PDF inclusion: fo
und PDF version <1.7>, but at most version <1.5> allowed
<fig5a-eps-converted-to.pdf, id=98, 763.85374pt x 516.93124pt>
File: fig5a-eps-converted-to.pdf Graphic file (type pdf)
<use fig5a-eps-converted-to.pdf>
Package pdftex.def Info: fig5a-eps-converted-to.pdf  used on input line 228.
(pdftex.def)             Requested size: 244.69386pt x 165.5949pt.
Package epstopdf Info: Source file: <fig5b.eps>
(epstopdf)                    date: 2020-05-13 13:53:17
(epstopdf)                    size: 28347 bytes
(epstopdf)             Output file: <fig5b-eps-converted-to.pdf>
(epstopdf)                    date: 2020-05-13 13:53:59
(epstopdf)                    size: 13048 bytes
(epstopdf)             Command: <repstopdf --outfile=fig5b-eps-converted-to.pdf
 fig5b.eps>
(epstopdf)             \includegraphics on input line 230.
Package epstopdf Info: Output file is already uptodate.


pdfTeX warning: pdflatex (file ./fig5b-eps-converted-to.pdf): PDF inclusion: fo
und PDF version <1.7>, but at most version <1.5> allowed
<fig5b-eps-converted-to.pdf, id=99, 770.88pt x 518.93875pt>
File: fig5b-eps-converted-to.pdf Graphic file (type pdf)
<use fig5b-eps-converted-to.pdf>
Package pdftex.def Info: fig5b-eps-converted-to.pdf  used on input line 230.
(pdftex.def)             Requested size: 244.69386pt x 164.71767pt.
[7 <./fig5a-eps-converted-to.pdf> <./fig5b-eps-converted-to.pdf>] [8]
Package epstopdf Info: Source file: <Fcalcs.eps>
(epstopdf)                    date: 2020-05-29 12:55:22
(epstopdf)                    size: 339648 bytes
(epstopdf)             Output file: <Fcalcs-eps-converted-to.pdf>
(epstopdf)                    date: 2020-06-02 14:08:21
(epstopdf)                    size: 55270 bytes
(epstopdf)             Command: <repstopdf --outfile=Fcalcs-eps-converted-to.pd
f Fcalcs.eps>
(epstopdf)             \includegraphics on input line 317.
Package epstopdf Info: Output file is already uptodate.


pdfTeX warning: pdflatex (file ./Fcalcs-eps-converted-to.pdf): PDF inclusion: f
ound PDF version <1.7>, but at most version <1.5> allowed
<Fcalcs-eps-converted-to.pdf, id=120, 758.835pt x 514.92375pt>
File: Fcalcs-eps-converted-to.pdf Graphic file (type pdf)
<use Fcalcs-eps-converted-to.pdf>
Package pdftex.def Info: Fcalcs-eps-converted-to.pdf  used on input line 317.
(pdftex.def)             Requested size: 244.69386pt x 166.03609pt.

LaTeX Warning: Command \r invalid in math mode on input line 328.


LaTeX Warning: Command \r invalid in math mode on input line 328.

Package epstopdf Info: Source file: <fig6.eps>
(epstopdf)                    date: 2020-05-13 13:53:17
(epstopdf)                    size: 214950 bytes
(epstopdf)             Output file: <fig6-eps-converted-to.pdf>
(epstopdf)                    date: 2020-05-13 13:53:59
(epstopdf)                    size: 52797 bytes
(epstopdf)             Command: <repstopdf --outfile=fig6-eps-converted-to.pdf 
fig6.eps>
(epstopdf)             \includegraphics on input line 332.
Package epstopdf Info: Output file is already uptodate.


pdfTeX warning: pdflatex (file ./fig6-eps-converted-to.pdf): PDF inclusion: fou
nd PDF version <1.7>, but at most version <1.5> allowed
<fig6-eps-converted-to.pdf, id=121, 476.78125pt x 498.86375pt>
File: fig6-eps-converted-to.pdf Graphic file (type pdf)
<use fig6-eps-converted-to.pdf>
Package pdftex.def Info: fig6-eps-converted-to.pdf  used on input line 332.
(pdftex.def)             Requested size: 244.69386pt x 256.0309pt.

LaTeX Warning: `!h' float specifier changed to `!ht'.


LaTeX Warning: Command \r invalid in math mode on input line 338.

[9 <./Fcalcs-eps-converted-to.pdf>]

LaTeX Warning: A float is stuck (cannot be placed); try class option [floatfix]
 on input line 339.

[10 <./fig6-eps-converted-to.pdf>]

LaTeX Warning: Command \r invalid in math mode on input line 361.


LaTeX Warning: Command \r invalid in math mode on input line 361.


Underfull \hbox (badness 1077) in paragraph at lines 377--380
\OT1/cmr/m/n/10 that nor-mal-iza-tion of the rel-a-tive den-sity of states
 []


Underfull \hbox (badness 1077) in paragraph at lines 377--380
\OT1/cmr/m/n/10 to the ap-pro-pri-ate num-ber of con-fig-u-ra-tions is not
 []

[11]
Package epstopdf Info: Source file: <fig7a.eps>
(epstopdf)                    date: 2020-06-08 14:58:17
(epstopdf)                    size: 27997 bytes
(epstopdf)             Output file: <fig7a-eps-converted-to.pdf>
(epstopdf)                    date: 2020-06-08 14:59:08
(epstopdf)                    size: 9386 bytes
(epstopdf)             Command: <repstopdf --outfile=fig7a-eps-converted-to.pdf
 fig7a.eps>
(epstopdf)             \includegraphics on input line 383.
Package epstopdf Info: Output file is already uptodate.


pdfTeX warning: pdflatex (file ./fig7a-eps-converted-to.pdf): PDF inclusion: fo
und PDF version <1.7>, but at most version <1.5> allowed
<fig7a-eps-converted-to.pdf, id=140, 738.76pt x 513.92pt>
File: fig7a-eps-converted-to.pdf Graphic file (type pdf)
<use fig7a-eps-converted-to.pdf>
Package pdftex.def Info: fig7a-eps-converted-to.pdf  used on input line 383.
(pdftex.def)             Requested size: 244.69386pt x 170.22145pt.
Package epstopdf Info: Source file: <fig7b.eps>
(epstopdf)                    date: 2020-06-08 14:58:32
(epstopdf)                    size: 29367 bytes
(epstopdf)             Output file: <fig7b-eps-converted-to.pdf>
(epstopdf)                    date: 2020-06-08 14:59:08
(epstopdf)                    size: 9615 bytes
(epstopdf)             Command: <repstopdf --outfile=fig7b-eps-converted-to.pdf
 fig7b.eps>
(epstopdf)             \includegraphics on input line 385.
Package epstopdf Info: Output file is already uptodate.


pdfTeX warning: pdflatex (file ./fig7b-eps-converted-to.pdf): PDF inclusion: fo
und PDF version <1.7>, but at most version <1.5> allowed
<fig7b-eps-converted-to.pdf, id=141, 744.7825pt x 513.92pt>
File: fig7b-eps-converted-to.pdf Graphic file (type pdf)
<use fig7b-eps-converted-to.pdf>
Package pdftex.def Info: fig7b-eps-converted-to.pdf  used on input line 385.
(pdftex.def)             Requested size: 244.69386pt x 168.84131pt.
Package epstopdf Info: Source file: <fig7c.eps>
(epstopdf)                    date: 2020-06-08 14:58:57
(epstopdf)                    size: 30948 bytes
(epstopdf)             Output file: <fig7c-eps-converted-to.pdf>
(epstopdf)                    date: 2020-06-08 14:59:08
(epstopdf)                    size: 10261 bytes
(epstopdf)             Command: <repstopdf --outfile=fig7c-eps-converted-to.pdf
 fig7c.eps>
(epstopdf)             \includegraphics on input line 387.
Package epstopdf Info: Output file is already uptodate.


pdfTeX warning: pdflatex (file ./fig7c-eps-converted-to.pdf): PDF inclusion: fo
und PDF version <1.7>, but at most version <1.5> allowed
<fig7c-eps-converted-to.pdf, id=142, 750.805pt x 513.92pt>
File: fig7c-eps-converted-to.pdf Graphic file (type pdf)
<use fig7c-eps-converted-to.pdf>
Package pdftex.def Info: fig7c-eps-converted-to.pdf  used on input line 387.
(pdftex.def)             Requested size: 244.69386pt x 167.48468pt.

LaTeX Warning: `!h' float specifier changed to `!ht'.

Package epstopdf Info: Source file: <fig8a.eps>
(epstopdf)                    date: 2020-06-08 14:36:14
(epstopdf)                    size: 36809 bytes
(epstopdf)             Output file: <fig8a-eps-converted-to.pdf>
(epstopdf)                    date: 2020-06-08 15:15:40
(epstopdf)                    size: 16103 bytes
(epstopdf)             Command: <repstopdf --outfile=fig8a-eps-converted-to.pdf
 fig8a.eps>
(epstopdf)             \includegraphics on input line 398.
Package epstopdf Info: Output file is already uptodate.


pdfTeX warning: pdflatex (file ./fig8a-eps-converted-to.pdf): PDF inclusion: fo
und PDF version <1.7>, but at most version <1.5> allowed
<fig8a-eps-converted-to.pdf, id=143, 709.65125pt x 517.935pt>
File: fig8a-eps-converted-to.pdf Graphic file (type pdf)
<use fig8a-eps-converted-to.pdf>
Package pdftex.def Info: fig8a-eps-converted-to.pdf  used on input line 398.
(pdftex.def)             Requested size: 244.69386pt x 178.58502pt.
Package epstopdf Info: Source file: <fig8b.eps>
(epstopdf)                    date: 2020-06-08 15:15:30
(epstopdf)                    size: 26150 bytes
(epstopdf)             Output file: <fig8b-eps-converted-to.pdf>
(epstopdf)                    date: 2020-06-08 15:15:40
(epstopdf)                    size: 12983 bytes
(epstopdf)             Command: <repstopdf --outfile=fig8b-eps-converted-to.pdf
 fig8b.eps>
(epstopdf)             \includegraphics on input line 400.
Package epstopdf Info: Output file is already uptodate.


pdfTeX warning: pdflatex (file ./fig8b-eps-converted-to.pdf): PDF inclusion: fo
und PDF version <1.7>, but at most version <1.5> allowed
<fig8b-eps-converted-to.pdf, id=144, 703.62875pt x 497.86pt>
File: fig8b-eps-converted-to.pdf Graphic file (type pdf)
<use fig8b-eps-converted-to.pdf>
Package pdftex.def Info: fig8b-eps-converted-to.pdf  used on input line 400.
(pdftex.def)             Requested size: 244.69386pt x 173.12929pt.

LaTeX Warning: `!h' float specifier changed to `!ht'.

Package epstopdf Info: Source file: <fig9.eps>
(epstopdf)                    date: 2020-06-08 15:20:14
(epstopdf)                    size: 323872 bytes
(epstopdf)             Output file: <fig9-eps-converted-to.pdf>
(epstopdf)                    date: 2020-06-08 15:20:21
(epstopdf)                    size: 54662 bytes
(epstopdf)             Command: <repstopdf --outfile=fig9-eps-converted-to.pdf 
fig9.eps>
(epstopdf)             \includegraphics on input line 405.
Package epstopdf Info: Output file is already uptodate.


pdfTeX warning: pdflatex (file ./fig9-eps-converted-to.pdf): PDF inclusion: fou
nd PDF version <1.7>, but at most version <1.5> allowed
<fig9-eps-converted-to.pdf, id=145, 744.7825pt x 513.92pt>
File: fig9-eps-converted-to.pdf Graphic file (type pdf)
<use fig9-eps-converted-to.pdf>
Package pdftex.def Info: fig9-eps-converted-to.pdf  used on input line 405.
(pdftex.def)             Requested size: 244.69386pt x 168.84131pt.

LaTeX Warning: `!h' float specifier changed to `!ht'.

[12 <./fig7a-eps-converted-to.pdf> <./fig7b-eps-converted-to.pdf> <./fig7c-eps-
converted-to.pdf>]

LaTeX Warning: A float is stuck (cannot be placed); try class option [floatfix]
 on input line 410.


Underfull \hbox (badness 10000) in paragraph at lines 411--413

 []

Package epstopdf Info: Source file: <fig10a.eps>
(epstopdf)                    date: 2020-05-13 13:53:17
(epstopdf)                    size: 599930 bytes
(epstopdf)             Output file: <fig10a-eps-converted-to.pdf>
(epstopdf)                    date: 2020-05-13 13:54:01
(epstopdf)                    size: 264427 bytes
(epstopdf)             Command: <repstopdf --outfile=fig10a-eps-converted-to.pd
f fig10a.eps>
(epstopdf)             \includegraphics on input line 417.
Package epstopdf Info: Output file is already uptodate.


pdfTeX warning: pdflatex (file ./fig10a-eps-converted-to.pdf): PDF inclusion: f
ound PDF version <1.7>, but at most version <1.5> allowed
<fig10a-eps-converted-to.pdf, id=164, 769.87625pt x 473.77pt>
File: fig10a-eps-converted-to.pdf Graphic file (type pdf)
<use fig10a-eps-converted-to.pdf>
Package pdftex.def Info: fig10a-eps-converted-to.pdf  used on input line 417.
(pdftex.def)             Requested size: 244.69386pt x 150.58296pt.
Package epstopdf Info: Source file: <fig10b.eps>
(epstopdf)                    date: 2020-05-13 13:53:17
(epstopdf)                    size: 503108 bytes
(epstopdf)             Output file: <fig10b-eps-converted-to.pdf>
(epstopdf)                    date: 2020-05-13 13:54:01
(epstopdf)                    size: 189884 bytes
(epstopdf)             Command: <repstopdf --outfile=fig10b-eps-converted-to.pd
f fig10b.eps>
(epstopdf)             \includegraphics on input line 419.
Package epstopdf Info: Output file is already uptodate.


pdfTeX warning: pdflatex (file ./fig10b-eps-converted-to.pdf): PDF inclusion: f
ound PDF version <1.7>, but at most version <1.5> allowed
<fig10b-eps-converted-to.pdf, id=165, 714.67pt x 468.75125pt>
File: fig10b-eps-converted-to.pdf Graphic file (type pdf)
<use fig10b-eps-converted-to.pdf>
Package pdftex.def Info: fig10b-eps-converted-to.pdf  used on input line 419.
(pdftex.def)             Requested size: 244.69386pt x 160.49626pt.
Package epstopdf Info: Source file: <fig11.eps>
(epstopdf)                    date: 2020-06-08 15:24:40
(epstopdf)                    size: 25634 bytes
(epstopdf)             Output file: <fig11-eps-converted-to.pdf>
(epstopdf)                    date: 2020-06-08 15:24:52
(epstopdf)                    size: 12697 bytes
(epstopdf)             Command: <repstopdf --outfile=fig11-eps-converted-to.pdf
 fig11.eps>
(epstopdf)             \includegraphics on input line 424.
Package epstopdf Info: Output file is already uptodate.


pdfTeX warning: pdflatex (file ./fig11-eps-converted-to.pdf): PDF inclusion: fo
und PDF version <1.7>, but at most version <1.5> allowed
<fig11-eps-converted-to.pdf, id=166, 708.6475pt x 517.935pt>
File: fig11-eps-converted-to.pdf Graphic file (type pdf)
<use fig11-eps-converted-to.pdf>
Package pdftex.def Info: fig11-eps-converted-to.pdf  used on input line 424.
(pdftex.def)             Requested size: 244.69386pt x 178.83792pt.
[13 <./fig8a-eps-converted-to.pdf> <./fig8b-eps-converted-to.pdf> <./fig9-eps-c
onverted-to.pdf>]

LaTeX Warning: A float is stuck (cannot be placed); try class option [floatfix]
 on input line 431.

(./Manuscript.bbl [14 <./fig10a-eps-converted-to.pdf> <./fig10b-eps-converted-t
o.pdf> <./fig11-eps-converted-to.pdf>]
Underfull \hbox (badness 2050) in paragraph at lines 218--226
 []\OT1/cmr/m/n/9 R. E. Be-lar-dinelli and V. D. Pereyra, The Jour-
 []


Underfull \hbox (badness 10000) in paragraph at lines 218--226
 \OT1/cmr/m/n/9 nal of Chem-i-cal Physics \OT1/cmr/bx/n/9 127\OT1/cmr/m/n/9 , 1
84105 (2007),
 []


Underfull \hbox (badness 1043) in paragraph at lines 231--238
 []\OT1/cmr/m/n/9 M. Eisen-bach, D. M. Nichol-son, A. Ru-sanu,  and
 []

Missing character: There is no √ in font cmr9!
Missing character: There is no ° in font cmr9!
Missing character: There is no √ in font cmr9!
Missing character: There is no ≥ in font cmr9!
Missing character: There is no ƒ in font cmr9!
Missing character: There is no ± in font cmr9!
Missing character: There is no Ã in font cmr9!
Missing character: There is no Å in font cmr9!
Missing character: There is no ƒ in font cmr9!
Missing character: There is no ± in font cmr9!
Missing character: There is no Ã in font cmr9!
Missing character: There is no Å in font cmr9!

Underfull \hbox (badness 10000) in paragraph at lines 332--339
 \OT1/cmr/m/n/9 C. Bohnke, F. Le Berre,  and J.-L. Four-
 []


Underfull \hbox (badness 10000) in paragraph at lines 332--339
 \OT1/cmr/m/n/9 quet, Chem-istry of Ma-te-ri-als \OT1/cmr/bx/n/9 16\OT1/cmr/m/n
/9 , 407 (2004),
 []


Underfull \hbox (badness 4621) in paragraph at lines 344--349
 []\OT1/cmr/m/n/9 S. Stra-mare, V. Thangadu-rai,  and W. Wepp-
 []


Underfull \hbox (badness 10000) in paragraph at lines 344--349
 \OT1/cmr/m/n/9 ner, Chem-istry of Ma-te-ri-als \OT1/cmr/bx/n/9 15\OT1/cmr/m/n/
9 , 3974 (2003),
 []


Underfull \hbox (badness 1112) in paragraph at lines 352--357
 []\OT1/cmr/m/n/9 M. Catti, Chem-istry of Ma-te-ri-als \OT1/cmr/bx/n/9 19\OT1/c
mr/m/n/9 , 3963 (2007),
 []

Missing character: There is no √ in font cmr9!
Missing character: There is no º in font cmr9!
Missing character: There is no √ in font cmr9!
Missing character: There is no ≠ in font cmr9!
Missing character: There is no √ in font cmr9!
Missing character: There is no ≥ in font cmr9!
Missing character: There is no √ in font cmr9!
Missing character: There is no ° in font cmr9!
Missing character: There is no √ in font cmr9!
Missing character: There is no ° in font cmr9!
Missing character: There is no √ in font cmr9!
Missing character: There is no ≠ in font cmr9!

Underfull \hbox (badness 4193) in paragraph at lines 494--502
 []\OT1/cmr/m/n/9 J. A. Alonso, J. Sanz, J. San-ta-mara, C. Len,
 []


Underfull \hbox (badness 2351) in paragraph at lines 494--502
 \OT1/cmr/m/n/9 A. Vrez,  and M. T. Fernndez-Daz, Ange-wandte
 []


Underfull \hbox (badness 10000) in paragraph at lines 494--502
 \OT1/cmr/m/n/9 Chemie In-ter-na-tional Edi-tion \OT1/cmr/bx/n/9 39\OT1/cmr/m/n
/9 , 619 (2000),
 []


Overfull \hbox (45.6161pt too wide) in paragraph at lines 494--502
 \OT1/cmr/m/n/9 https://onlinelibrary.wiley.com/doi/pdf/10.1002/%28SICI%291521-

 []


Underfull \hbox (badness 10000) in paragraph at lines 494--502
 \OT1/cmr/m/n/9 3773%2820000204%2939%3A3%3C619%3A%3AAID-
 []

) [15] (./Manuscript.aux) ) 
Here is how much of TeX's memory you used:
 4818 strings out of 494805
 67126 string characters out of 6177999
 168648 words of memory out of 5000000
 8053 multiletter control sequences out of 15000+600000
 11755 words of font info for 46 fonts, out of 8000000 for 9000
 81 hyphenation exceptions out of 8191
 42i,17n,29p,2840b,411s stack positions out of 5000i,500n,10000p,200000b,80000s
</usr/share/texlive/texmf-dist/fonts/type1/public/am
sfonts/cm/cmbx12.pfb></usr/share/texlive/texmf-dist/fonts/type1/public/amsfonts
/cm/cmbx9.pfb></usr/share/texlive/texmf-dist/fonts/type1/public/amsfonts/cm/cme
x10.pfb></usr/share/texlive/texmf-dist/fonts/type1/public/amsfonts/cm/cmmi10.pf
b></usr/share/texlive/texmf-dist/fonts/type1/public/amsfonts/cm/cmmi5.pfb></usr
/share/texlive/texmf-dist/fonts/type1/public/amsfonts/cm/cmmi6.pfb></usr/share/
texlive/texmf-dist/fonts/type1/public/amsfonts/cm/cmmi7.pfb></usr/share/texlive
/texmf-dist/fonts/type1/public/amsfonts/cm/cmmi9.pfb></usr/share/texlive/texmf-
dist/fonts/type1/public/amsfonts/cm/cmr10.pfb></usr/share/texlive/texmf-dist/fo
nts/type1/public/amsfonts/cm/cmr5.pfb></usr/share/texlive/texmf-dist/fonts/type
1/public/amsfonts/cm/cmr6.pfb></usr/share/texlive/texmf-dist/fonts/type1/public
/amsfonts/cm/cmr7.pfb></usr/share/texlive/texmf-dist/fonts/type1/public/amsfont
s/cm/cmr8.pfb></usr/share/texlive/texmf-dist/fonts/type1/public/amsfonts/cm/cmr
9.pfb></usr/share/texlive/texmf-dist/fonts/type1/public/amsfonts/cm/cmsy10.pfb>
</usr/share/texlive/texmf-dist/fonts/type1/public/amsfonts/cm/cmsy5.pfb></usr/s
hare/texlive/texmf-dist/fonts/type1/public/amsfonts/cm/cmsy6.pfb></usr/share/te
xlive/texmf-dist/fonts/type1/public/amsfonts/cm/cmsy7.pfb></usr/share/texlive/t
exmf-dist/fonts/type1/public/amsfonts/cm/cmsy9.pfb></usr/share/texlive/texmf-di
st/fonts/type1/public/amsfonts/cm/cmti10.pfb></usr/share/texlive/texmf-dist/fon
ts/type1/public/amsfonts/cm/cmti9.pfb></usr/share/texlive/texmf-dist/fonts/type
1/public/amsfonts/cm/cmtt9.pfb></usr/share/texlive/texmf-dist/fonts/type1/publi
c/amsfonts/symbols/msam10.pfb>
Output written on Manuscript.pdf (15 pages, 1324438 bytes).
PDF statistics:
 281 PDF objects out of 1000 (max. 8388607)
 193 compressed objects within 2 object streams
 0 named destinations out of 1000 (max. 500000)
 106 words of extra memory for PDF output out of 10000 (max. 10000000)

