This is pdfTeX, Version 3.14159265-2.6-1.40.18 (TeX Live 2017/Debian) (preloaded format=pdflatex 2018.10.23)  21 FEB 2020 10:11
entering extended mode
 restricted \write18 enabled.
 %&-line parsing enabled.
**Main_with_figures_update1.tex
(./Main_with_figures_update1.tex
LaTeX2e <2017-04-15>
Babel <3.18> and hyphenation patterns for 9 language(s) loaded.
(/usr/share/texlive/texmf-dist/tex/latex/revtex/revtex4-1.cls
Document Class: revtex4-1 2010/07/25/20:33:00 4.1r (http://publish.aps.org/revt
ex4/ for documentation)
 Copyright (c) 2009 The American Physical Society.
 mailto:revtex@aps.org
 Licensed under the LPPL:
http://www.ctan.org/tex-archive/macros/latex/base/lppl.txt
 Arthur Ogawa <arthur_ogawa at sbcglobal dot net>
 Based on work by David Carlisle <david at dcarlisle.demon.co.uk>.
ltxutil[2010/07/25/20:33:00 4.1r utilities package (portions licensed from W. E
. Baxter web at superscript.com)]
LaTeX Info: Redefining \@centercr on input line 308.
Class revtex4-1 Info: Repairing broken LaTeX eqnarray on input line 358.
\eqncolsep=\skip41
Class revtex4-1 Info: Repairing hyperref-unfriendly LaTeX definition of \mpfoot
note on input line 433.
Class revtex4-1 Info: Repairing broken LateX \@sect on input line 755.
\intertabularlinepenalty=\count79
\@tbpen=\count80
\@arstrutbox@hline=\box26
Class revtex4-1 Info: Repairing broken LaTeX \@xbitor on input line 1786.
Class revtex4-1 Info: Making \typeout \long on input line 2046.
ltxfront[2010/07/25/20:33:00 4.1r frontmatter package (AO,DPC)]
\c@affil=\count81
\c@collab=\count82
\absbox=\box27
ltxgrid[2010/07/25/20:33:00 4.1r page grid package (portions licensed from W. E
. Baxter web at superscript.com)]
\c@linecount=\count83
\output@latex=\toks14
\box@size@1=\box28
\box@size@2=\box29
\@protection@box=\box30
\@topmark@saved=\toks15
\footins@saved=\box31
\footins@recovered=\box32
\column@recovered=\box33
\pagesofar=\box34
\footsofar=\box35
\pagegrid@col=\count84
Class revtex4-1 Info: Overriding \@vspace, \@vspacer, \@no@pgbk, \@newline, and
 \\  on input line 5578.
\c@part=\count85
\c@section=\count86
\c@subsection=\count87
\c@subsubsection=\count88
\c@paragraph=\count89
\c@subparagraph=\count90
\abovecaptionskip=\skip42
\belowcaptionskip=\skip43
\c@figure=\count91
\fbox@1=\box36
\c@table=\count92
\fbox@2=\box37
\c@video=\count93
\fbox@4=\box38
\@bibdataout=\write3
\widetext@top=\box39
\widetext@bot=\box40
Class revtex4-1 Info: Selecting society aps on input line 7542.
(/usr/share/texlive/texmf-dist/tex/latex/revtex/aps4-1.rtx
File: aps4-1 2010/07/25/20:33:00 4.1r (http://publish.aps.org/revtex4/ for docu
mentation)
Class revtex4-1 Info: RevTeX society APS selected on input line 31.
)
Class revtex4-1 Info: Selecting journal pre on input line 7544.
Class revtex4-1 Info: APS journal PRE selected on input line 7545.

(/usr/share/texlive/texmf-dist/tex/latex/revtex/aps10pt4-1.rtx
File: aps10pt4-1 2010/07/25/20:33:00 4.1r (http://publish.aps.org/revtex4/ for 
documentation)
Class revtex4-1 Info: RevTeX pointsize 10pt selected on input line 30.
)
(/usr/share/texlive/texmf-dist/tex/latex/textcase/textcase.sty
Package: textcase 2004/10/07 v0.07 Text only upper/lower case changing (DPC)
)
(/usr/share/texlive/texmf-dist/tex/latex/url/url.sty
\Urlmuskip=\muskip10
Package: url 2013/09/16  ver 3.4  Verb mode for urls, etc.
)
(/usr/share/texlive/texmf-dist/tex/latex/natbib/natbib.sty
Package: natbib 2010/09/13 8.31b (PWD, AO)
\bibhang=\skip44
\bibsep=\skip45
LaTeX Info: Redefining \cite on input line 694.
\c@NAT@ctr=\count94
)
Class revtex4-1 Info: Repairing natbib's \BibitemShut on input line 7549.

(/usr/share/texlive/texmf-dist/tex/latex/revtex/revsymb4-1.sty
Package: revsymb4-1 2010/07/25/20:33:00 4.1r (http://publish.aps.org/revtex4/ f
or documentation)
LaTeX Info: Redefining \REV@mathfrak on input line 119.
))
(/usr/share/texlive/texmf-dist/tex/latex/amsmath/amsmath.sty
Package: amsmath 2017/09/02 v2.17a AMS math features
\@mathmargin=\skip46

For additional information on amsmath, use the `?' option.
(/usr/share/texlive/texmf-dist/tex/latex/amsmath/amstext.sty
Package: amstext 2000/06/29 v2.01 AMS text

(/usr/share/texlive/texmf-dist/tex/latex/amsmath/amsgen.sty
File: amsgen.sty 1999/11/30 v2.0 generic functions
\@emptytoks=\toks16
\ex@=\dimen102
)
LaTeX Info: Redefining \text on input line 28.
)
(/usr/share/texlive/texmf-dist/tex/latex/amsmath/amsbsy.sty
Package: amsbsy 1999/11/29 v1.2d Bold Symbols
\pmbraise@=\dimen103
)
(/usr/share/texlive/texmf-dist/tex/latex/amsmath/amsopn.sty
Package: amsopn 2016/03/08 v2.02 operator names
)
\inf@bad=\count95
LaTeX Info: Redefining \frac on input line 213.
\uproot@=\count96
\leftroot@=\count97
LaTeX Info: Redefining \overline on input line 375.
\classnum@=\count98
\DOTSCASE@=\count99
LaTeX Info: Redefining \ldots on input line 472.
LaTeX Info: Redefining \dots on input line 475.
LaTeX Info: Redefining \cdots on input line 596.
\Mathstrutbox@=\box41
\strutbox@=\box42
\big@size=\dimen104
LaTeX Font Info:    Redeclaring font encoding OML on input line 712.
LaTeX Font Info:    Redeclaring font encoding OMS on input line 713.
\macc@depth=\count100
\c@MaxMatrixCols=\count101
\dotsspace@=\muskip11
\c@parentequation=\count102
\dspbrk@lvl=\count103
\tag@help=\toks17
\row@=\count104
\column@=\count105
\maxfields@=\count106
\andhelp@=\toks18
\eqnshift@=\dimen105
\alignsep@=\dimen106
\tagshift@=\dimen107
\tagwidth@=\dimen108
\totwidth@=\dimen109
\lineht@=\dimen110
\@envbody=\toks19
\multlinegap=\skip47
\multlinetaggap=\skip48
\mathdisplay@stack=\toks20
LaTeX Info: Redefining \[ on input line 2817.
LaTeX Info: Redefining \] on input line 2818.
)
(/usr/share/texlive/texmf-dist/tex/latex/graphics/color.sty
Package: color 2016/07/10 v1.1e Standard LaTeX Color (DPC)

(/usr/share/texlive/texmf-dist/tex/latex/graphics-cfg/color.cfg
File: color.cfg 2016/01/02 v1.6 sample color configuration
)
Package color Info: Driver file: pdftex.def on input line 147.

(/usr/share/texlive/texmf-dist/tex/latex/graphics-def/pdftex.def
File: pdftex.def 2018/01/08 v1.0l Graphics/color driver for pdftex
))
(/usr/share/texlive/texmf-dist/tex/latex/graphics/graphicx.sty
Package: graphicx 2017/06/01 v1.1a Enhanced LaTeX Graphics (DPC,SPQR)

(/usr/share/texlive/texmf-dist/tex/latex/graphics/keyval.sty
Package: keyval 2014/10/28 v1.15 key=value parser (DPC)
\KV@toks@=\toks21
)
(/usr/share/texlive/texmf-dist/tex/latex/graphics/graphics.sty
Package: graphics 2017/06/25 v1.2c Standard LaTeX Graphics (DPC,SPQR)

(/usr/share/texlive/texmf-dist/tex/latex/graphics/trig.sty
Package: trig 2016/01/03 v1.10 sin cos tan (DPC)
)
(/usr/share/texlive/texmf-dist/tex/latex/graphics-cfg/graphics.cfg
File: graphics.cfg 2016/06/04 v1.11 sample graphics configuration
)
Package graphics Info: Driver file: pdftex.def on input line 99.
)
\Gin@req@height=\dimen111
\Gin@req@width=\dimen112
)
(/usr/share/texlive/texmf-dist/tex/latex/tools/dcolumn.sty
Package: dcolumn 2014/10/28 v1.06 decimal alignment package (DPC)

(/usr/share/texlive/texmf-dist/tex/latex/tools/array.sty
Package: array 2016/10/06 v2.4d Tabular extension package (FMi)
\col@sep=\dimen113
\extrarowheight=\dimen114
\NC@list=\toks22
\extratabsurround=\skip49
\backup@length=\skip50
))
(/usr/share/texlive/texmf-dist/tex/latex/tools/verbatim.sty
Package: verbatim 2014/10/28 v1.5q LaTeX2e package for verbatim enhancements
\every@verbatim=\toks23
\verbatim@line=\toks24
\verbatim@in@stream=\read1
)
(/usr/share/texlive/texmf-dist/tex/latex/oberdiek/epstopdf.sty
Package: epstopdf 2016/05/15 v2.6 Conversion with epstopdf on the fly (HO)

(/usr/share/texlive/texmf-dist/tex/latex/oberdiek/epstopdf-base.sty
Package: epstopdf-base 2016/05/15 v2.6 Base part for package epstopdf

(/usr/share/texlive/texmf-dist/tex/generic/oberdiek/infwarerr.sty
Package: infwarerr 2016/05/16 v1.4 Providing info/warning/error messages (HO)
)
(/usr/share/texlive/texmf-dist/tex/latex/oberdiek/grfext.sty
Package: grfext 2016/05/16 v1.2 Manage graphics extensions (HO)

(/usr/share/texlive/texmf-dist/tex/generic/oberdiek/kvdefinekeys.sty
Package: kvdefinekeys 2016/05/16 v1.4 Define keys (HO)

(/usr/share/texlive/texmf-dist/tex/generic/oberdiek/ltxcmds.sty
Package: ltxcmds 2016/05/16 v1.23 LaTeX kernel commands for general use (HO)
)))
(/usr/share/texlive/texmf-dist/tex/latex/oberdiek/kvoptions.sty
Package: kvoptions 2016/05/16 v3.12 Key value format for package options (HO)

(/usr/share/texlive/texmf-dist/tex/generic/oberdiek/kvsetkeys.sty
Package: kvsetkeys 2016/05/16 v1.17 Key value parser (HO)

(/usr/share/texlive/texmf-dist/tex/generic/oberdiek/etexcmds.sty
Package: etexcmds 2016/05/16 v1.6 Avoid name clashes with e-TeX commands (HO)

(/usr/share/texlive/texmf-dist/tex/generic/oberdiek/ifluatex.sty
Package: ifluatex 2016/05/16 v1.4 Provides the ifluatex switch (HO)
Package ifluatex Info: LuaTeX not detected.
)
Package etexcmds Info: Could not find \expanded.
(etexcmds)             That can mean that you are not using pdfTeX 1.50 or
(etexcmds)             that some package has redefined \expanded.
(etexcmds)             In the latter case, load this package earlier.
)))
(/usr/share/texlive/texmf-dist/tex/generic/oberdiek/pdftexcmds.sty
Package: pdftexcmds 2018/01/21 v0.26 Utility functions of pdfTeX for LuaTeX (HO
)

(/usr/share/texlive/texmf-dist/tex/generic/oberdiek/ifpdf.sty
Package: ifpdf 2017/03/15 v3.2 Provides the ifpdf switch
)
Package pdftexcmds Info: LuaTeX not detected.
Package pdftexcmds Info: \pdf@primitive is available.
Package pdftexcmds Info: \pdf@ifprimitive is available.
Package pdftexcmds Info: \pdfdraftmode found.
)
Package epstopdf-base Info: Redefining graphics rule for `.eps' on input line 4
38.
Package grfext Info: Graphics extension search list:
(grfext)             [.pdf,.png,.jpg,.mps,.jpeg,.jbig2,.jb2,.PDF,.PNG,.JPG,.JPE
G,.JBIG2,.JB2,.eps]
(grfext)             \AppendGraphicsExtensions on input line 456.

(/usr/share/texlive/texmf-dist/tex/latex/latexconfig/epstopdf-sys.cfg
File: epstopdf-sys.cfg 2010/07/13 v1.3 Configuration of (r)epstopdf for TeX Liv
e
)))
(/usr/share/texlive/texmf-dist/tex/latex/base/inputenc.sty
Package: inputenc 2015/03/17 v1.2c Input encoding file
\inpenc@prehook=\toks25
\inpenc@posthook=\toks26
)
Class revtex4-1 Info: Unrecognized array package. Please update this document c
lass! (Proceeding with fingers crossed.) on input line 42.
Class revtex4-1 Info: Robustifying \LaTeX's \boldmath command on input line 42.

Class revtex4-1 Info: cite was not loaded (OK!) on input line 42.
Class revtex4-1 Info: mcite was not loaded (OK!) on input line 42.
Class revtex4-1 Info: multicol was not loaded (OK!) on input line 42.

(./Main_with_figures_update1.aux)
\openout1 = `Main_with_figures_update1.aux'.

LaTeX Font Info:    Checking defaults for OML/cmm/m/it on input line 42.
LaTeX Font Info:    ... okay on input line 42.
LaTeX Font Info:    Checking defaults for T1/cmr/m/n on input line 42.
LaTeX Font Info:    ... okay on input line 42.
LaTeX Font Info:    Checking defaults for OT1/cmr/m/n on input line 42.
LaTeX Font Info:    ... okay on input line 42.
LaTeX Font Info:    Checking defaults for OMS/cmsy/m/n on input line 42.
LaTeX Font Info:    ... okay on input line 42.
LaTeX Font Info:    Checking defaults for OMX/cmex/m/n on input line 42.
LaTeX Font Info:    ... okay on input line 42.
LaTeX Font Info:    Checking defaults for U/cmr/m/n on input line 42.
LaTeX Font Info:    ... okay on input line 42.

(/usr/share/texlive/texmf-dist/tex/context/base/mkii/supp-pdf.mkii
[Loading MPS to PDF converter (version 2006.09.02).]
\scratchcounter=\count107
\scratchdimen=\dimen115
\scratchbox=\box43
\nofMPsegments=\count108
\nofMParguments=\count109
\everyMPshowfont=\toks27
\MPscratchCnt=\count110
\MPscratchDim=\dimen116
\MPnumerator=\count111
\makeMPintoPDFobject=\count112
\everyMPtoPDFconversion=\toks28
)
\openout3 = `Main_with_figures_update1Notes.bib'.

 [1{/var/lib/texmf/fonts/map/pdftex/updmap/pdftex.map}]
Underfull \hbox (badness 10000) in paragraph at lines 100--102
\OT1/cmr/m/n/10 Where $\OML/cmm/m/it/10 G[]\OT1/cmr/m/n/10 (\OML/cmm/m/it/10 E[
]\OT1/cmr/m/n/10 )[] \OMS/cmsy/m/n/10 ^^Q \OT1/cmr/m/n/10 [1 + []\OMS/cmsy/m/n/
10 H\OT1/cmr/m/n/10 (\OML/cmm/m/it/10 E[]; \OMS/cmsy/m/n/10 f\OML/cmm/m/it/10 e
[]\OMS/cmsy/m/n/10 g[]\OT1/cmr/m/n/10 )]$ with
 []


Underfull \hbox (badness 1137) in paragraph at lines 100--102
\OT1/cmr/m/n/10 of states of the un-per-turbed to per-turbed en-er-gies
 []


Underfull \hbox (badness 1122) in paragraph at lines 100--102
\OT1/cmr/m/n/10 con-fig-u-ra-tion and en-ergy $^^F[]\OML/cmm/m/it/10 ; e[]$ \OT
1/cmr/m/n/10 goes to $^^F[]\OML/cmm/m/it/10 ; e[]$\OT1/cmr/m/n/10 .
 []

[2]
Underfull \hbox (badness 3229) in paragraph at lines 149--150
[]\OT1/cmr/m/n/10 Where $\OML/cmm/m/it/10 G[]\OT1/cmr/m/n/10 (\OML/cmm/m/it/10 
E[]\OT1/cmr/m/n/10 )$ is the ex-act den-sity of states,
 []

<./figures/thirtytwo_root0_1_varyS.png, id=26, 794.97pt x 614.295pt>
File: ./figures/thirtytwo_root0_1_varyS.png Graphic file (type png)
<use ./figures/thirtytwo_root0_1_varyS.png>
Package pdftex.def Info: ./figures/thirtytwo_root0_1_varyS.png  used on input l
ine 165.
(pdftex.def)             Requested size: 227.62204pt x 175.89137pt.
<./figures/10X10_root1_varyS.png, id=27, 794.97pt x 614.295pt>
File: ./figures/10X10_root1_varyS.png Graphic file (type png)
<use ./figures/10X10_root1_varyS.png>
Package pdftex.def Info: ./figures/10X10_root1_varyS.png  used on input line 16
7.
(pdftex.def)             Requested size: 227.62204pt x 175.89137pt.
[3]
<./figures/rangeN_3232_and_1010_S10.png, id=31, 794.97pt x 614.295pt>
File: ./figures/rangeN_3232_and_1010_S10.png Graphic file (type png)
<use ./figures/rangeN_3232_and_1010_S10.png>
Package pdftex.def Info: ./figures/rangeN_3232_and_1010_S10.png  used on input 
line 175.
(pdftex.def)             Requested size: 213.39566pt x 164.89641pt.
<./figures/rangeN_3232_1010_S100.png, id=32, 794.97pt x 614.295pt>
File: ./figures/rangeN_3232_1010_S100.png Graphic file (type png)
<use ./figures/rangeN_3232_1010_S100.png>
Package pdftex.def Info: ./figures/rangeN_3232_1010_S100.png  used on input lin
e 177.
(pdftex.def)             Requested size: 213.39566pt x 164.89641pt.


LaTeX Warning: `!h' float specifier changed to `!ht'.

<./figures/optimalCo_S10.png, id=33, 794.97pt x 614.295pt>
File: ./figures/optimalCo_S10.png Graphic file (type png)
<use ./figures/optimalCo_S10.png>
Package pdftex.def Info: ./figures/optimalCo_S10.png  used on input line 184.
(pdftex.def)             Requested size: 213.39566pt x 164.89641pt.
<./figures/optimalCo_S100.png, id=34, 794.97pt x 614.295pt>
File: ./figures/optimalCo_S100.png Graphic file (type png)
<use ./figures/optimalCo_S100.png>
Package pdftex.def Info: ./figures/optimalCo_S100.png  used on input line 186.
(pdftex.def)             Requested size: 213.39566pt x 164.89641pt.

LaTeX Warning: `!h' float specifier changed to `!ht'.

<./figures/Avg_F_8X8.png, id=35, 794.97pt x 614.295pt>
File: ./figures/Avg_F_8X8.png Graphic file (type png)
<use ./figures/Avg_F_8X8.png>
Package pdftex.def Info: ./figures/Avg_F_8X8.png  used on input line 210.
(pdftex.def)             Requested size: 213.39566pt x 164.89641pt.
<./figures/Avg_error_8X8.png, id=36, 794.97pt x 614.295pt>
File: ./figures/Avg_error_8X8.png Graphic file (type png)
<use ./figures/Avg_error_8X8.png>
Package pdftex.def Info: ./figures/Avg_error_8X8.png  used on input line 212.
(pdftex.def)             Requested size: 213.39566pt x 164.89641pt.
[4 <./figures/thirtytwo_root0_1_varyS.png> <./figures/10X10_root1_varyS.png>]

LaTeX Warning: A float is stuck (cannot be placed); try class option [floatfix]
 on input line 215.

[5 <./figures/rangeN_3232_and_1010_S10.png> <./figures/rangeN_3232_1010_S100.pn
g> <./figures/optimalCo_S10.png> <./figures/optimalCo_S100.png>]

LaTeX Warning: A float is stuck (cannot be placed); try class option [floatfix]
 on input line 219.


LaTeX Warning: Command \r invalid in math mode on input line 221.

<./figures/unit_cell_P4mmm_cropped.png, id=51, 475.7775pt x 497.86pt>
File: ./figures/unit_cell_P4mmm_cropped.png Graphic file (type png)
<use ./figures/unit_cell_P4mmm_cropped.png>
Package pdftex.def Info: ./figures/unit_cell_P4mmm_cropped.png  used on input l
ine 225.
(pdftex.def)             Requested size: 213.39566pt x 223.29803pt.
[6 <./figures/Avg_F_8X8.png> <./figures/Avg_error_8X8.png> <./figures/unit_cell
_P4mmm_cropped.png (PNG copy)>]

LaTeX Warning: Command \r invalid in math mode on input line 231.


LaTeX Warning: Command \r invalid in math mode on input line 235.


LaTeX Warning: Command \r invalid in math mode on input line 235.

[7]
Underfull \hbox (badness 1077) in paragraph at lines 250--253
\OT1/cmr/m/n/10 that nor-mal-iza-tion of the rel-a-tive den-sity of states
 []


Underfull \hbox (badness 1077) in paragraph at lines 250--253
\OT1/cmr/m/n/10 to the ap-pro-pri-ate num-ber of con-fig-u-ra-tions is not
 []

<./figures/GE_fig_500.png, id=61, 794.97pt x 614.295pt>
File: ./figures/GE_fig_500.png Graphic file (type png)
<use ./figures/GE_fig_500.png>
Package pdftex.def Info: ./figures/GE_fig_500.png  used on input line 256.
(pdftex.def)             Requested size: 213.39566pt x 164.89641pt.
<./figures/GE_fig_1000.png, id=62, 794.97pt x 614.295pt>
File: ./figures/GE_fig_1000.png Graphic file (type png)
<use ./figures/GE_fig_1000.png>
Package pdftex.def Info: ./figures/GE_fig_1000.png  used on input line 258.
(pdftex.def)             Requested size: 213.39566pt x 164.89641pt.
<./figures/GE_fig_3000.png, id=63, 794.97pt x 614.295pt>
File: ./figures/GE_fig_3000.png Graphic file (type png)
<use ./figures/GE_fig_3000.png>
Package pdftex.def Info: ./figures/GE_fig_3000.png  used on input line 260.
(pdftex.def)             Requested size: 213.39566pt x 164.89641pt.

LaTeX Warning: `!h' float specifier changed to `!ht'.

[8 <./figures/GE_fig_500.png> <./figures/GE_fig_1000.png> <./figures/GE_fig_300
0.png>]
<./figures/avg_OP.png, id=70, 794.97pt x 614.295pt>
File: ./figures/avg_OP.png Graphic file (type png)
<use ./figures/avg_OP.png>
Package pdftex.def Info: ./figures/avg_OP.png  used on input line 271.
(pdftex.def)             Requested size: 213.39566pt x 164.89641pt.
<./figures/OPcounts.png, id=71, 794.97pt x 614.295pt>
File: ./figures/OPcounts.png Graphic file (type png)
<use ./figures/OPcounts.png>
Package pdftex.def Info: ./figures/OPcounts.png  used on input line 273.
(pdftex.def)             Requested size: 213.39566pt x 164.89641pt.
<./figures/OP_ensemble_avg.png, id=72, 794.97pt x 614.295pt>
File: ./figures/OP_ensemble_avg.png Graphic file (type png)
<use ./figures/OP_ensemble_avg.png>
Package pdftex.def Info: ./figures/OP_ensemble_avg.png  used on input line 278.

(pdftex.def)             Requested size: 213.39566pt x 164.89641pt.


LaTeX Warning: `!h' float specifier changed to `!ht'.

Package epstopdf Info: Source file: <./figures/it326_run6_lowest_en.eps>
(epstopdf)                    date: 2020-01-30 09:22:19
(epstopdf)                    size: 599930 bytes
(epstopdf)             Output file: <./figures/it326_run6_lowest_en-eps-convert
ed-to.pdf>
(epstopdf)                    date: 2020-01-30 09:22:19
(epstopdf)                    size: 264427 bytes
(epstopdf)             Command: <repstopdf --outfile=./figures/it326_run6_lowes
t_en-eps-converted-to.pdf ./figures/it326_run6_lowest_en.eps>
(epstopdf)             \includegraphics on input line 290.
Package epstopdf Info: Output file is already uptodate.


pdfTeX warning: pdflatex (file ./figures/it326_run6_lowest_en-eps-converted-to.
pdf): PDF inclusion: found PDF version <1.7>, but at most version <1.5> allowed

<./figures/it326_run6_lowest_en-eps-converted-to.pdf, id=73, 769.87625pt x 473.
77pt>
File: ./figures/it326_run6_lowest_en-eps-converted-to.pdf Graphic file (type pd
f)
<use ./figures/it326_run6_lowest_en-eps-converted-to.pdf>
Package pdftex.def Info: ./figures/it326_run6_lowest_en-eps-converted-to.pdf  u
sed on input line 290.
(pdftex.def)             Requested size: 213.39566pt x 131.3173pt.
Package epstopdf Info: Source file: <./figures/it1575_run1_second_lowest_en.eps
>
(epstopdf)                    date: 2020-01-30 09:22:19
(epstopdf)                    size: 503108 bytes
(epstopdf)             Output file: <./figures/it1575_run1_second_lowest_en-eps
-converted-to.pdf>
(epstopdf)                    date: 2020-01-30 09:22:19
(epstopdf)                    size: 189884 bytes
(epstopdf)             Command: <repstopdf --outfile=./figures/it1575_run1_seco
nd_lowest_en-eps-converted-to.pdf ./figures/it1575_run1_second_lowest_en.eps>
(epstopdf)             \includegraphics on input line 292.
Package epstopdf Info: Output file is already uptodate.


pdfTeX warning: pdflatex (file ./figures/it1575_run1_second_lowest_en-eps-conve
rted-to.pdf): PDF inclusion: found PDF version <1.7>, but at most version <1.5>
 allowed
<./figures/it1575_run1_second_lowest_en-eps-converted-to.pdf, id=74, 714.67pt x
 468.75125pt>
File: ./figures/it1575_run1_second_lowest_en-eps-converted-to.pdf Graphic file 
(type pdf)
<use ./figures/it1575_run1_second_lowest_en-eps-converted-to.pdf>
Package pdftex.def Info: ./figures/it1575_run1_second_lowest_en-eps-converted-t
o.pdf  used on input line 292.
(pdftex.def)             Requested size: 213.39566pt x 139.96126pt.
<./figures/Htot.png, id=75, 794.97pt x 614.295pt>
File: ./figures/Htot.png Graphic file (type png)
<use ./figures/Htot.png>
Package pdftex.def Info: ./figures/Htot.png  used on input line 297.
(pdftex.def)             Requested size: 213.39566pt x 164.89641pt.
[9 <./figures/avg_OP.png> <./figures/OPcounts.png> <./figures/OP_ensemble_avg.p
ng>]

LaTeX Warning: A float is stuck (cannot be placed); try class option [floatfix]
 on input line 304.

(./Main_with_figures_update1.bbl
Overfull \vbox (5.39557pt too high) has occurred while \output is active []


Overfull \vbox (5.39557pt too high) has occurred while \output is active []


[10 <./figures/it326_run6_lowest_en-eps-converted-to.pdf> <./figures/it1575_run
1_second_lowest_en-eps-converted-to.pdf> <./figures/Htot.png>]
Underfull \hbox (badness 2050) in paragraph at lines 210--217
 []\OT1/cmr/m/n/9 R. E. Be-lar-dinelli and V. D. Pereyra, The Jour-
 []


Underfull \hbox (badness 10000) in paragraph at lines 210--217
 \OT1/cmr/m/n/9 nal of Chem-i-cal Physics \OT1/cmr/bx/n/9 127\OT1/cmr/m/n/9 , 1
84105 (2007),
 []


Underfull \hbox (badness 1043) in paragraph at lines 231--238
 []\OT1/cmr/m/n/9 M. Eisen-bach, D. M. Nichol-son, A. Ru-sanu,  and
 []

Missing character: There is no √ in font cmr9!
Missing character: There is no ° in font cmr9!
Missing character: There is no √ in font cmr9!
Missing character: There is no ≥ in font cmr9!
Missing character: There is no ƒ in font cmr9!
Missing character: There is no ± in font cmr9!
Missing character: There is no Ã in font cmr9!
Missing character: There is no Å in font cmr9!
Missing character: There is no ƒ in font cmr9!
Missing character: There is no ± in font cmr9!
Missing character: There is no Ã in font cmr9!
Missing character: There is no Å in font cmr9!

Underfull \hbox (badness 10000) in paragraph at lines 323--330
 \OT1/cmr/m/n/9 C. Bohnke, F. Le Berre,  and J.-L. Four-
 []


Underfull \hbox (badness 10000) in paragraph at lines 323--330
 \OT1/cmr/m/n/9 quet, Chem-istry of Ma-te-ri-als \OT1/cmr/bx/n/9 16\OT1/cmr/m/n
/9 , 407 (2004),
 []


Underfull \hbox (badness 4621) in paragraph at lines 335--340
 []\OT1/cmr/m/n/9 S. Stra-mare, V. Thangadu-rai,  and W. Wepp-
 []


Underfull \hbox (badness 10000) in paragraph at lines 335--340
 \OT1/cmr/m/n/9 ner, Chem-istry of Ma-te-ri-als \OT1/cmr/bx/n/9 15\OT1/cmr/m/n/
9 , 3974 (2003),
 []


Underfull \hbox (badness 1112) in paragraph at lines 343--348
 []\OT1/cmr/m/n/9 M. Catti, Chem-istry of Ma-te-ri-als \OT1/cmr/bx/n/9 19\OT1/c
mr/m/n/9 , 3963 (2007),
 []

Missing character: There is no √ in font cmr9!
Missing character: There is no º in font cmr9!
Missing character: There is no √ in font cmr9!
Missing character: There is no ≠ in font cmr9!
Missing character: There is no √ in font cmr9!
Missing character: There is no ≥ in font cmr9!
Missing character: There is no √ in font cmr9!
Missing character: There is no ° in font cmr9!
Missing character: There is no √ in font cmr9!
Missing character: There is no ° in font cmr9!
Missing character: There is no √ in font cmr9!
Missing character: There is no ≠ in font cmr9!

Underfull \hbox (badness 4193) in paragraph at lines 450--458
 []\OT1/cmr/m/n/9 J. A. Alonso, J. Sanz, J. San-ta-mara, C. Len,
 []


Underfull \hbox (badness 2351) in paragraph at lines 450--458
 \OT1/cmr/m/n/9 A. Vrez,  and M. T. Fernndez-Daz, Ange-wandte
 []


Underfull \hbox (badness 10000) in paragraph at lines 450--458
 \OT1/cmr/m/n/9 Chemie In-ter-na-tional Edi-tion \OT1/cmr/bx/n/9 39\OT1/cmr/m/n
/9 , 619 (2000),
 []


Overfull \hbox (45.6161pt too wide) in paragraph at lines 450--458
 \OT1/cmr/m/n/9 https://onlinelibrary.wiley.com/doi/pdf/10.1002/%28SICI%291521-

 []


Underfull \hbox (badness 10000) in paragraph at lines 450--458
 \OT1/cmr/m/n/9 3773%2820000204%2939%3A3%3C619%3A%3AAID-
 []

) [11] (./Main_with_figures_update1.aux) ) 
Here is how much of TeX's memory you used:
 4483 strings out of 494805
 63192 string characters out of 6177999
 159353 words of memory out of 5000000
 7743 multiletter control sequences out of 15000+600000
 7973 words of font info for 29 fonts, out of 8000000 for 9000
 81 hyphenation exceptions out of 8191
 42i,17n,29p,2431b,328s stack positions out of 5000i,500n,10000p,200000b,80000s
</usr/share/texlive/texmf-dist/fonts/
type1/public/amsfonts/cm/cmbx12.pfb></usr/share/texlive/texmf-dist/fonts/type1/
public/amsfonts/cm/cmbx9.pfb></usr/share/texlive/texmf-dist/fonts/type1/public/
amsfonts/cm/cmex10.pfb></usr/share/texlive/texmf-dist/fonts/type1/public/amsfon
ts/cm/cmmi10.pfb></usr/share/texlive/texmf-dist/fonts/type1/public/amsfonts/cm/
cmmi5.pfb></usr/share/texlive/texmf-dist/fonts/type1/public/amsfonts/cm/cmmi6.p
fb></usr/share/texlive/texmf-dist/fonts/type1/public/amsfonts/cm/cmmi7.pfb></us
r/share/texlive/texmf-dist/fonts/type1/public/amsfonts/cm/cmmi9.pfb></usr/share
/texlive/texmf-dist/fonts/type1/public/amsfonts/cm/cmr10.pfb></usr/share/texliv
e/texmf-dist/fonts/type1/public/amsfonts/cm/cmr5.pfb></usr/share/texlive/texmf-
dist/fonts/type1/public/amsfonts/cm/cmr6.pfb></usr/share/texlive/texmf-dist/fon
ts/type1/public/amsfonts/cm/cmr7.pfb></usr/share/texlive/texmf-dist/fonts/type1
/public/amsfonts/cm/cmr9.pfb></usr/share/texlive/texmf-dist/fonts/type1/public/
amsfonts/cm/cmsy10.pfb></usr/share/texlive/texmf-dist/fonts/type1/public/amsfon
ts/cm/cmsy5.pfb></usr/share/texlive/texmf-dist/fonts/type1/public/amsfonts/cm/c
msy7.pfb></usr/share/texlive/texmf-dist/fonts/type1/public/amsfonts/cm/cmsy9.pf
b></usr/share/texlive/texmf-dist/fonts/type1/public/amsfonts/cm/cmti10.pfb></us
r/share/texlive/texmf-dist/fonts/type1/public/amsfonts/cm/cmti9.pfb>
Output written on Main_with_figures_update1.pdf (11 pages, 908865 bytes).
PDF statistics:
 155 PDF objects out of 1000 (max. 8388607)
 87 compressed objects within 1 object stream
 0 named destinations out of 1000 (max. 500000)
 91 words of extra memory for PDF output out of 10000 (max. 10000000)

