This is pdfTeX, Version 3.14159265-2.6-1.40.20 (TeX Live 2019/Debian) (preloaded format=pdflatex 2020.7.29)  3 NOV 2020 11:20
entering extended mode
 restricted \write18 enabled.
 %&-line parsing enabled.
**Manuscript.tex
(./Manuscript.tex
LaTeX2e <2020-02-02> patch level 2
L3 programming layer <2020-02-14>
(/usr/share/texlive/texmf-dist/tex/latex/revtex/revtex4-2.cls
Document Class: revtex4-2 2019/01/18/14:29:48 4.2c (https://journals.aps.org/re
vtex/ for documentation)
 Copyright (c) 2019 American Physical Society.
 mailto:revtex@aps.org
 Licensed under the LPPL:
http://www.ctan.org/tex-archive/macros/latex/base/lppl.txt
 Arthur Ogawa <arthur_ogawa at sbcglobal dot net>
 Based on work by David Carlisle <david at dcarlisle.demon.co.uk>Version (4.2c)
: Modified by Mark Doyle
 .
ltxutil[2019/01/18/14:29:48 4.2c utilities package (portions licensed from W. E
. Baxter web at superscript.com)]
LaTeX Info: Redefining \@centercr on input line 315.
Class revtex4-2 Info: Repairing broken LaTeX eqnarray on input line 365.
\eqncolsep=\skip47
Class revtex4-2 Info: Repairing hyperref-unfriendly LaTeX definition of \mpfoot
note on input line 440.
Class revtex4-2 Info: Repairing broken LateX \@sect on input line 762.
\intertabularlinepenalty=\count167
\@tbpen=\count168
\@arstrutbox@hline=\box45
Class revtex4-2 Info: Repairing broken LaTeX \@xbitor on input line 1793.
Class revtex4-2 Info: Making \typeout \long on input line 2053.
ltxfront[2019/01/18/14:29:48 4.2c frontmatter package (AO,DPC,MD)]
\c@affil=\count169
\c@collab=\count170
\absbox=\box46
ltxgrid[2019/01/18/14:29:48 4.2c page grid package (portions licensed from W. E
. Baxter web at superscript.com)]
\c@linecount=\count171
\output@latex=\toks14
\box@size@1=\box47
\box@size@2=\box48
\@protection@box=\box49
\@topmark@saved=\toks15
\footins@saved=\box50
\footins@recovered=\box51
\column@recovered=\box52
\pagesofar=\box53
\footsofar=\box54
\pagegrid@col=\count172

Class revtex4-2 Warning: Failed to recognize \@vspace, \@vspacer, \@no@pgbk, \@
newline, and \\; no patches applied. Please get a more up-to-date class, .

\c@part=\count173
\c@section=\count174
\c@subsection=\count175
\c@subsubsection=\count176
\c@paragraph=\count177
\c@subparagraph=\count178
\abovecaptionskip=\skip48
\belowcaptionskip=\skip49
\c@figure=\count179
\fbox@1=\box55
\c@table=\count180
\fbox@2=\box56
\c@video=\count181
\fbox@4=\box57
\@bibdataout=\write3
\widetext@top=\box58
\widetext@bot=\box59
Class revtex4-2 Info: Selecting society aps on input line 7581.
(/usr/share/texlive/texmf-dist/tex/latex/revtex/aps4-2.rtx
File: aps4-2 2019/01/18/14:29:48 4.2c (https://journals.aps.org/revtex/ for doc
umentation)
Class revtex4-2 Info: RevTeX society APS selected on input line 37.
)
Class revtex4-2 Info: Selecting journal pre on input line 7583.
Class revtex4-2 Info: APS journal PRE selected on input line 7584.

(/usr/share/texlive/texmf-dist/tex/latex/revtex/aps10pt4-2.rtx
File: aps10pt4-2 2019/01/18/14:29:48 4.2c (https://journals.aps.org/revtex/ for
 documentation)
Class revtex4-2 Info: RevTeX pointsize 10pt selected on input line 36.
)
(/usr/share/texlive/texmf-dist/tex/latex/textcase/textcase.sty
Package: textcase 2019/09/14 v1.00 Text only upper/lower case changing (DPC)
)
(/usr/share/texlive/texmf-dist/tex/latex/url/url.sty
\Urlmuskip=\muskip16
Package: url 2013/09/16  ver 3.4  Verb mode for urls, etc.
)
(/usr/share/texlive/texmf-dist/tex/latex/natbib/natbib.sty
Package: natbib 2010/09/13 8.31b (PWD, AO)
\bibhang=\skip50
\bibsep=\skip51
LaTeX Info: Redefining \cite on input line 694.
\c@NAT@ctr=\count182
)
Class revtex4-2 Info: Repairing natbib's \BibitemShut on input line 7588.

(/usr/share/texlive/texmf-dist/tex/latex/revtex/revsymb4-2.sty
Package: revsymb4-2 2019/01/18/14:29:48 4.2c (https://journals.aps.org/revtex/ 
for documentation)
LaTeX Info: Redefining \REV@mathfrak on input line 125.
))
(/usr/share/texlive/texmf-dist/tex/latex/amsmath/amsmath.sty
Package: amsmath 2020/01/20 v2.17e AMS math features
\@mathmargin=\skip52

For additional information on amsmath, use the `?' option.
(/usr/share/texlive/texmf-dist/tex/latex/amsmath/amstext.sty
Package: amstext 2000/06/29 v2.01 AMS text

(/usr/share/texlive/texmf-dist/tex/latex/amsmath/amsgen.sty
File: amsgen.sty 1999/11/30 v2.0 generic functions
\@emptytoks=\toks16
\ex@=\dimen134
)
LaTeX Info: Redefining \text on input line 28.
)
(/usr/share/texlive/texmf-dist/tex/latex/amsmath/amsbsy.sty
Package: amsbsy 1999/11/29 v1.2d Bold Symbols
\pmbraise@=\dimen135
)
(/usr/share/texlive/texmf-dist/tex/latex/amsmath/amsopn.sty
Package: amsopn 2016/03/08 v2.02 operator names
)
\inf@bad=\count183
LaTeX Info: Redefining \frac on input line 227.
\uproot@=\count184
\leftroot@=\count185
LaTeX Info: Redefining \overline on input line 389.
\classnum@=\count186
\DOTSCASE@=\count187
LaTeX Info: Redefining \ldots on input line 486.
LaTeX Info: Redefining \dots on input line 489.
LaTeX Info: Redefining \cdots on input line 610.
\Mathstrutbox@=\box60
\strutbox@=\box61
\big@size=\dimen136
LaTeX Font Info:    Redeclaring font encoding OML on input line 733.
LaTeX Font Info:    Redeclaring font encoding OMS on input line 734.
\macc@depth=\count188
\c@MaxMatrixCols=\count189
\dotsspace@=\muskip17
\c@parentequation=\count190
\dspbrk@lvl=\count191
\tag@help=\toks17
\row@=\count192
\column@=\count193
\maxfields@=\count194
\andhelp@=\toks18
\eqnshift@=\dimen137
\alignsep@=\dimen138
\tagshift@=\dimen139
\tagwidth@=\dimen140
\totwidth@=\dimen141
\lineht@=\dimen142
\@envbody=\toks19
\multlinegap=\skip53
\multlinetaggap=\skip54
\mathdisplay@stack=\toks20
LaTeX Info: Redefining \[ on input line 2859.
LaTeX Info: Redefining \] on input line 2860.
)
(/usr/share/texlive/texmf-dist/tex/latex/graphics/color.sty
Package: color 2019/11/23 v1.2a Standard LaTeX Color (DPC)

(/usr/share/texlive/texmf-dist/tex/latex/graphics-cfg/color.cfg
File: color.cfg 2016/01/02 v1.6 sample color configuration
)
Package color Info: Driver file: pdftex.def on input line 147.

(/usr/share/texlive/texmf-dist/tex/latex/graphics-def/pdftex.def
File: pdftex.def 2018/01/08 v1.0l Graphics/color driver for pdftex
))
(/usr/share/texlive/texmf-dist/tex/latex/graphics/graphicx.sty
Package: graphicx 2019/11/30 v1.2a Enhanced LaTeX Graphics (DPC,SPQR)

(/usr/share/texlive/texmf-dist/tex/latex/graphics/keyval.sty
Package: keyval 2014/10/28 v1.15 key=value parser (DPC)
\KV@toks@=\toks21
)
(/usr/share/texlive/texmf-dist/tex/latex/graphics/graphics.sty
Package: graphics 2019/11/30 v1.4a Standard LaTeX Graphics (DPC,SPQR)

(/usr/share/texlive/texmf-dist/tex/latex/graphics/trig.sty
Package: trig 2016/01/03 v1.10 sin cos tan (DPC)
)
(/usr/share/texlive/texmf-dist/tex/latex/graphics-cfg/graphics.cfg
File: graphics.cfg 2016/06/04 v1.11 sample graphics configuration
)
Package graphics Info: Driver file: pdftex.def on input line 105.
)
\Gin@req@height=\dimen143
\Gin@req@width=\dimen144
)
(/usr/share/texlive/texmf-dist/tex/latex/tools/dcolumn.sty
Package: dcolumn 2014/10/28 v1.06 decimal alignment package (DPC)

(/usr/share/texlive/texmf-dist/tex/latex/tools/array.sty
Package: array 2019/08/31 v2.4l Tabular extension package (FMi)
\col@sep=\dimen145
\ar@mcellbox=\box62
\extrarowheight=\dimen146
\NC@list=\toks22
\extratabsurround=\skip55
\backup@length=\skip56
\ar@cellbox=\box63
))
(/usr/share/texlive/texmf-dist/tex/latex/tools/verbatim.sty
Package: verbatim 2019/11/10 v1.5r LaTeX2e package for verbatim enhancements
\every@verbatim=\toks23
\verbatim@line=\toks24
\verbatim@in@stream=\read2
)
(/usr/share/texlive/texmf-dist/tex/latex/epstopdf-pkg/epstopdf.sty
Package: epstopdf 2020-01-24 v2.11 Conversion with epstopdf on the fly (HO)

(/usr/share/texlive/texmf-dist/tex/generic/infwarerr/infwarerr.sty
Package: infwarerr 2019/12/03 v1.5 Providing info/warning/error messages (HO)
)
(/usr/share/texlive/texmf-dist/tex/latex/grfext/grfext.sty
Package: grfext 2019/12/03 v1.3 Manage graphics extensions (HO)

(/usr/share/texlive/texmf-dist/tex/generic/kvdefinekeys/kvdefinekeys.sty
Package: kvdefinekeys 2019-12-19 v1.6 Define keys (HO)
))
(/usr/share/texlive/texmf-dist/tex/latex/kvoptions/kvoptions.sty
Package: kvoptions 2019/11/29 v3.13 Key value format for package options (HO)

(/usr/share/texlive/texmf-dist/tex/generic/ltxcmds/ltxcmds.sty
Package: ltxcmds 2019/12/15 v1.24 LaTeX kernel commands for general use (HO)
)
(/usr/share/texlive/texmf-dist/tex/generic/kvsetkeys/kvsetkeys.sty
Package: kvsetkeys 2019/12/15 v1.18 Key value parser (HO)
))
(/usr/share/texlive/texmf-dist/tex/latex/pdftexcmds/pdftexcmds.sty
Package: pdftexcmds 2019/11/24 v0.31 Utility functions of pdfTeX for LuaTeX (HO
)

(/usr/share/texlive/texmf-dist/tex/generic/iftex/iftex.sty
Package: iftex 2019/11/07 v1.0c TeX engine tests
)
Package pdftexcmds Info: \pdf@primitive is available.
Package pdftexcmds Info: \pdf@ifprimitive is available.
Package pdftexcmds Info: \pdfdraftmode found.
)
(/usr/share/texlive/texmf-dist/tex/latex/epstopdf-pkg/epstopdf-base.sty
Package: epstopdf-base 2020-01-24 v2.11 Base part for package epstopdf
Package epstopdf-base Info: Redefining graphics rule for `.eps' on input line 4
85.
Package grfext Info: Graphics extension search list:
(grfext)             [.pdf,.png,.jpg,.mps,.jpeg,.jbig2,.jb2,.PDF,.PNG,.JPG,.JPE
G,.JBIG2,.JB2,.eps]
(grfext)             \AppendGraphicsExtensions on input line 504.

(/usr/share/texlive/texmf-dist/tex/latex/latexconfig/epstopdf-sys.cfg
File: epstopdf-sys.cfg 2010/07/13 v1.3 Configuration of (r)epstopdf for TeX Liv
e
)))
(/usr/share/texlive/texmf-dist/tex/latex/base/inputenc.sty
Package: inputenc 2018/08/11 v1.3c Input encoding file
\inpenc@prehook=\toks25
\inpenc@posthook=\toks26
)
(/usr/share/texlive/texmf-dist/tex/latex/amsfonts/amssymb.sty
Package: amssymb 2013/01/14 v3.01 AMS font symbols

(/usr/share/texlive/texmf-dist/tex/latex/amsfonts/amsfonts.sty
Package: amsfonts 2013/01/14 v3.01 Basic AMSFonts support
\symAMSa=\mathgroup4
\symAMSb=\mathgroup5
LaTeX Font Info:    Redeclaring math symbol \hbar on input line 98.
LaTeX Font Info:    Overwriting math alphabet `\mathfrak' in version `bold'
(Font)                  U/euf/m/n --> U/euf/b/n on input line 106.
LaTeX Info: Redefining \frak on input line 111.
LaTeX Info: Redefining \Bbb on input line 113.
))
Class revtex4-2 Info: Unrecognized array package. Please update this document c
lass! (Proceeding with fingers crossed.) on input line 47.
Class revtex4-2 Info: cite was not loaded (OK!) on input line 47.
Class revtex4-2 Info: mcite was not loaded (OK!) on input line 47.
Class revtex4-2 Info: multicol was not loaded (OK!) on input line 47.

(/usr/share/texlive/texmf-dist/tex/latex/l3backend/l3backend-pdfmode.def
File: l3backend-pdfmode.def 2020-02-03 L3 backend support: PDF mode
\l__kernel_color_stack_int=\count195
\l__pdf_internal_box=\box64
)
(./Manuscript.aux

LaTeX Warning: Label `modfactor_LLTO' multiply defined.

)
\openout1 = `Manuscript.aux'.

LaTeX Font Info:    Checking defaults for OML/cmm/m/it on input line 47.
LaTeX Font Info:    ... okay on input line 47.
LaTeX Font Info:    Checking defaults for OMS/cmsy/m/n on input line 47.
LaTeX Font Info:    ... okay on input line 47.
LaTeX Font Info:    Checking defaults for OT1/cmr/m/n on input line 47.
LaTeX Font Info:    ... okay on input line 47.
LaTeX Font Info:    Checking defaults for T1/cmr/m/n on input line 47.
LaTeX Font Info:    ... okay on input line 47.
LaTeX Font Info:    Checking defaults for TS1/cmr/m/n on input line 47.
LaTeX Font Info:    ... okay on input line 47.
LaTeX Font Info:    Checking defaults for OMX/cmex/m/n on input line 47.
LaTeX Font Info:    ... okay on input line 47.
LaTeX Font Info:    Checking defaults for U/cmr/m/n on input line 47.
LaTeX Font Info:    ... okay on input line 47.
 (/usr/share/texlive/texmf-dist/tex/context/base/mkii/supp-pdf.mkii
[Loading MPS to PDF converter (version 2006.09.02).]
\scratchcounter=\count196
\scratchdimen=\dimen147
\scratchbox=\box65
\nofMPsegments=\count197
\nofMParguments=\count198
\everyMPshowfont=\toks27
\MPscratchCnt=\count199
\MPscratchDim=\dimen148
\MPnumerator=\count266
\makeMPintoPDFobject=\count267
\everyMPtoPDFconversion=\toks28
)
\openout3 = `ManuscriptNotes.bib'.

LaTeX Font Info:    Trying to load font information for U+msa on input line 60.

 (/usr/share/texlive/texmf-dist/tex/latex/amsfonts/umsa.fd
File: umsa.fd 2013/01/14 v3.01 AMS symbols A
)
LaTeX Font Info:    Trying to load font information for U+msb on input line 60.


(/usr/share/texlive/texmf-dist/tex/latex/amsfonts/umsb.fd
File: umsb.fd 2013/01/14 v3.01 AMS symbols B
) [1{/var/lib/texmf/fonts/map/pdftex/updmap/pdftex.map}] [2] [3]
Underfull \hbox (badness 3229) in paragraph at lines 158--159
[]\OT1/cmr/m/n/10 Where $\OML/cmm/m/it/10 G[]\OT1/cmr/m/n/10 (\OML/cmm/m/it/10 
E[]\OT1/cmr/m/n/10 )$ is the ex-act den-sity of states,
 []

Package epstopdf Info: Source file: <fig1a.eps>
(epstopdf)                    date: 2020-11-03 09:41:50
(epstopdf)                    size: 823313 bytes
(epstopdf)             Output file: <fig1a-eps-converted-to.pdf>
(epstopdf)                    date: 2020-11-03 09:42:12
(epstopdf)                    size: 159856 bytes
(epstopdf)             Command: <repstopdf --outfile=fig1a-eps-converted-to.pdf
 fig1a.eps>
(epstopdf)             \includegraphics on input line 166.
Package epstopdf Info: Output file is already uptodate.
<fig1a-eps-converted-to.pdf, id=31, 715.67375pt x 547.04375pt>
File: fig1a-eps-converted-to.pdf Graphic file (type pdf)
<use fig1a-eps-converted-to.pdf>
Package pdftex.def Info: fig1a-eps-converted-to.pdf  used on input line 166.
(pdftex.def)             Requested size: 244.69386pt x 187.03581pt.
Package epstopdf Info: Source file: <fig1b.eps>
(epstopdf)                    date: 2020-11-03 09:03:01
(epstopdf)                    size: 183205 bytes
(epstopdf)             Output file: <fig1b-eps-converted-to.pdf>
(epstopdf)                    date: 2020-11-03 09:03:31
(epstopdf)                    size: 62096 bytes
(epstopdf)             Command: <repstopdf --outfile=fig1b-eps-converted-to.pdf
 fig1b.eps>
(epstopdf)             \includegraphics on input line 169.
Package epstopdf Info: Output file is already uptodate.
<fig1b-eps-converted-to.pdf, id=32, 731.73375pt x 517.935pt>
File: fig1b-eps-converted-to.pdf Graphic file (type pdf)
<use fig1b-eps-converted-to.pdf>
Package pdftex.def Info: fig1b-eps-converted-to.pdf  used on input line 169.
(pdftex.def)             Requested size: 244.69386pt x 173.19514pt.

LaTeX Warning: `!h' float specifier changed to `!ht'.

[4]

LaTeX Warning: A float is stuck (cannot be placed); try class option [floatfix]
 on input line 174.

Package epstopdf Info: Source file: <fig2a.eps>
(epstopdf)                    date: 2020-11-03 09:51:35
(epstopdf)                    size: 16540 bytes
(epstopdf)             Output file: <fig2a-eps-converted-to.pdf>
(epstopdf)                    date: 2020-11-03 09:51:42
(epstopdf)                    size: 8367 bytes
(epstopdf)             Command: <repstopdf --outfile=fig2a-eps-converted-to.pdf
 fig2a.eps>
(epstopdf)             \includegraphics on input line 177.
Package epstopdf Info: Output file is already uptodate.
<fig2a-eps-converted-to.pdf, id=36, 722.7pt x 509.905pt>
File: fig2a-eps-converted-to.pdf Graphic file (type pdf)
<use fig2a-eps-converted-to.pdf>
Package pdftex.def Info: fig2a-eps-converted-to.pdf  used on input line 177.
(pdftex.def)             Requested size: 241.84842pt x 170.63445pt.
Package epstopdf Info: Source file: <fig2b.eps>
(epstopdf)                    date: 2020-11-03 09:51:35
(epstopdf)                    size: 17079 bytes
(epstopdf)             Output file: <fig2b-eps-converted-to.pdf>
(epstopdf)                    date: 2020-11-03 09:51:42
(epstopdf)                    size: 8608 bytes
(epstopdf)             Command: <repstopdf --outfile=fig2b-eps-converted-to.pdf
 fig2b.eps>
(epstopdf)             \includegraphics on input line 179.
Package epstopdf Info: Output file is already uptodate.
<fig2b-eps-converted-to.pdf, id=37, 722.7pt x 509.905pt>
File: fig2b-eps-converted-to.pdf Graphic file (type pdf)
<use fig2b-eps-converted-to.pdf>
Package pdftex.def Info: fig2b-eps-converted-to.pdf  used on input line 179.
(pdftex.def)             Requested size: 241.84842pt x 170.63445pt.

LaTeX Warning: `!h' float specifier changed to `!ht'.

Package epstopdf Info: Source file: <fig3a.eps>
(epstopdf)                    date: 2020-11-03 09:58:43
(epstopdf)                    size: 30846 bytes
(epstopdf)             Output file: <fig3a-eps-converted-to.pdf>
(epstopdf)                    date: 2020-11-03 09:58:49
(epstopdf)                    size: 13508 bytes
(epstopdf)             Command: <repstopdf --outfile=fig3a-eps-converted-to.pdf
 fig3a.eps>
(epstopdf)             \includegraphics on input line 186.
Package epstopdf Info: Output file is already uptodate.
<fig3a-eps-converted-to.pdf, id=38, 703.62875pt x 537.00626pt>
File: fig3a-eps-converted-to.pdf Graphic file (type pdf)
<use fig3a-eps-converted-to.pdf>
Package pdftex.def Info: fig3a-eps-converted-to.pdf  used on input line 186.
(pdftex.def)             Requested size: 244.69386pt x 186.74228pt.
Package epstopdf Info: Source file: <fig3b.eps>
(epstopdf)                    date: 2020-11-03 09:58:43
(epstopdf)                    size: 28695 bytes
(epstopdf)             Output file: <fig3b-eps-converted-to.pdf>
(epstopdf)                    date: 2020-11-03 09:58:49
(epstopdf)                    size: 12743 bytes
(epstopdf)             Command: <repstopdf --outfile=fig3b-eps-converted-to.pdf
 fig3b.eps>
(epstopdf)             \includegraphics on input line 188.
Package epstopdf Info: Output file is already uptodate.
<fig3b-eps-converted-to.pdf, id=39, 704.6325pt x 538.01pt>
File: fig3b-eps-converted-to.pdf Graphic file (type pdf)
<use fig3b-eps-converted-to.pdf>
Package pdftex.def Info: fig3b-eps-converted-to.pdf  used on input line 188.
(pdftex.def)             Requested size: 244.69386pt x 186.82863pt.

LaTeX Warning: `!h' float specifier changed to `!ht'.

[5 <./fig1a-eps-converted-to.pdf> <./fig1b-eps-converted-to.pdf> <./fig2a-eps-c
onverted-to.pdf> <./fig2b-eps-converted-to.pdf>]

LaTeX Warning: A float is stuck (cannot be placed); try class option [floatfix]
 on input line 194.

Package epstopdf Info: Source file: <fig4a.eps>
(epstopdf)                    date: 2020-11-03 10:06:38
(epstopdf)                    size: 65716 bytes
(epstopdf)             Output file: <fig4a-eps-converted-to.pdf>
(epstopdf)                    date: 2020-11-03 10:06:44
(epstopdf)                    size: 25821 bytes
(epstopdf)             Command: <repstopdf --outfile=fig4a-eps-converted-to.pdf
 fig4a.eps>
(epstopdf)             \includegraphics on input line 207.
Package epstopdf Info: Output file is already uptodate.
<fig4a-eps-converted-to.pdf, id=65, 730.73pt x 506.89375pt>
File: fig4a-eps-converted-to.pdf Graphic file (type pdf)
<use fig4a-eps-converted-to.pdf>
Package pdftex.def Info: fig4a-eps-converted-to.pdf  used on input line 207.
(pdftex.def)             Requested size: 244.69386pt x 169.73505pt.
Package epstopdf Info: Source file: <fig4b.eps>
(epstopdf)                    date: 2020-11-03 10:06:38
(epstopdf)                    size: 59630 bytes
(epstopdf)             Output file: <fig4b-eps-converted-to.pdf>
(epstopdf)                    date: 2020-11-03 10:06:44
(epstopdf)                    size: 24108 bytes
(epstopdf)             Command: <repstopdf --outfile=fig4b-eps-converted-to.pdf
 fig4b.eps>
(epstopdf)             \includegraphics on input line 209.
Package epstopdf Info: Output file is already uptodate.
<fig4b-eps-converted-to.pdf, id=66, 724.7075pt x 509.905pt>
File: fig4b-eps-converted-to.pdf Graphic file (type pdf)
<use fig4b-eps-converted-to.pdf>
Package pdftex.def Info: fig4b-eps-converted-to.pdf  used on input line 209.
(pdftex.def)             Requested size: 244.69386pt x 172.1672pt.
[6 <./fig3a-eps-converted-to.pdf> <./fig3b-eps-converted-to.pdf>] [7 <./fig4a-e
ps-converted-to.pdf> <./fig4b-eps-converted-to.pdf>] [8]
Package epstopdf Info: Source file: <fig5.eps>
(epstopdf)                    date: 2020-11-03 10:09:43
(epstopdf)                    size: 341170 bytes
(epstopdf)             Output file: <fig5-eps-converted-to.pdf>
(epstopdf)                    date: 2020-11-03 10:09:46
(epstopdf)                    size: 55652 bytes
(epstopdf)             Command: <repstopdf --outfile=fig5-eps-converted-to.pdf 
fig5.eps>
(epstopdf)             \includegraphics on input line 312.
Package epstopdf Info: Output file is already uptodate.
<fig5-eps-converted-to.pdf, id=105, 729.72626pt x 522.95375pt>
File: fig5-eps-converted-to.pdf Graphic file (type pdf)
<use fig5-eps-converted-to.pdf>
Package pdftex.def Info: fig5-eps-converted-to.pdf  used on input line 312.
(pdftex.def)             Requested size: 244.69386pt x 175.35217pt.


LaTeX Warning: Command \r invalid in math mode on input line 323.


LaTeX Warning: Command \r invalid in math mode on input line 323.

Package epstopdf Info: Source file: <fig6.eps>
(epstopdf)                    date: 2020-11-03 09:02:52
(epstopdf)                    size: 214950 bytes
(epstopdf)             Output file: <fig6-eps-converted-to.pdf>
(epstopdf)                    date: 2020-11-03 09:02:52
(epstopdf)                    size: 52797 bytes
(epstopdf)             Command: <repstopdf --outfile=fig6-eps-converted-to.pdf 
fig6.eps>
(epstopdf)             \includegraphics on input line 327.
Package epstopdf Info: Output file is already uptodate.


pdfTeX warning: pdflatex (file ./fig6-eps-converted-to.pdf): PDF inclusion: fou
nd PDF version <1.7>, but at most version <1.5> allowed
<fig6-eps-converted-to.pdf, id=106, 476.78125pt x 498.86375pt>
File: fig6-eps-converted-to.pdf Graphic file (type pdf)
<use fig6-eps-converted-to.pdf>
Package pdftex.def Info: fig6-eps-converted-to.pdf  used on input line 327.
(pdftex.def)             Requested size: 244.69386pt x 256.0309pt.

LaTeX Warning: `!h' float specifier changed to `!ht'.


LaTeX Warning: Command \r invalid in math mode on input line 333.

[9 <./fig5-eps-converted-to.pdf>]

LaTeX Warning: A float is stuck (cannot be placed); try class option [floatfix]
 on input line 334.

[10 <./fig6-eps-converted-to.pdf>]

LaTeX Warning: Command \r invalid in math mode on input line 356.


LaTeX Warning: Command \r invalid in math mode on input line 356.


Underfull \hbox (badness 1077) in paragraph at lines 372--375
\OT1/cmr/m/n/10 that nor-mal-iza-tion of the rel-a-tive den-sity of states
 []


Underfull \hbox (badness 1077) in paragraph at lines 372--375
\OT1/cmr/m/n/10 to the ap-pro-pri-ate num-ber of con-fig-u-ra-tions is not
 []

[11]
Package epstopdf Info: Source file: <fig7a.eps>
(epstopdf)                    date: 2020-11-03 10:22:43
(epstopdf)                    size: 21099 bytes
(epstopdf)             Output file: <fig7a-eps-converted-to.pdf>
(epstopdf)                    date: 2020-11-03 10:22:46
(epstopdf)                    size: 8701 bytes
(epstopdf)             Command: <repstopdf --outfile=fig7a-eps-converted-to.pdf
 fig7a.eps>
(epstopdf)             \includegraphics on input line 378.
Package epstopdf Info: Output file is already uptodate.
<fig7a-eps-converted-to.pdf, id=125, 726.715pt x 519.9425pt>
File: fig7a-eps-converted-to.pdf Graphic file (type pdf)
<use fig7a-eps-converted-to.pdf>
Package pdftex.def Info: fig7a-eps-converted-to.pdf  used on input line 378.
(pdftex.def)             Requested size: 244.69386pt x 175.07237pt.
Package epstopdf Info: Source file: <fig7b.eps>
(epstopdf)                    date: 2020-11-03 10:22:43
(epstopdf)                    size: 21945 bytes
(epstopdf)             Output file: <fig7b-eps-converted-to.pdf>
(epstopdf)                    date: 2020-11-03 10:22:46
(epstopdf)                    size: 8787 bytes
(epstopdf)             Command: <repstopdf --outfile=fig7b-eps-converted-to.pdf
 fig7b.eps>
(epstopdf)             \includegraphics on input line 380.
Package epstopdf Info: Output file is already uptodate.
<fig7b-eps-converted-to.pdf, id=126, 720.6925pt x 519.9425pt>
File: fig7b-eps-converted-to.pdf Graphic file (type pdf)
<use fig7b-eps-converted-to.pdf>
Package pdftex.def Info: fig7b-eps-converted-to.pdf  used on input line 380.
(pdftex.def)             Requested size: 244.69386pt x 176.53217pt.
Package epstopdf Info: Source file: <fig7c.eps>
(epstopdf)                    date: 2020-11-03 10:22:43
(epstopdf)                    size: 22052 bytes
(epstopdf)             Output file: <fig7c-eps-converted-to.pdf>
(epstopdf)                    date: 2020-11-03 10:22:46
(epstopdf)                    size: 8700 bytes
(epstopdf)             Command: <repstopdf --outfile=fig7c-eps-converted-to.pdf
 fig7c.eps>
(epstopdf)             \includegraphics on input line 382.
Package epstopdf Info: Output file is already uptodate.
<fig7c-eps-converted-to.pdf, id=127, 720.6925pt x 505.89pt>
File: fig7c-eps-converted-to.pdf Graphic file (type pdf)
<use fig7c-eps-converted-to.pdf>
Package pdftex.def Info: fig7c-eps-converted-to.pdf  used on input line 382.
(pdftex.def)             Requested size: 244.69386pt x 171.76102pt.


LaTeX Warning: `!h' float specifier changed to `!ht'.

[12 <./fig7a-eps-converted-to.pdf> <./fig7b-eps-converted-to.pdf> <./fig7c-eps-
converted-to.pdf>]
Package epstopdf Info: Source file: <fig8a.eps>
(epstopdf)                    date: 2020-11-03 10:26:15
(epstopdf)                    size: 19424 bytes
(epstopdf)             Output file: <fig8a-eps-converted-to.pdf>
(epstopdf)                    date: 2020-11-03 10:26:19
(epstopdf)                    size: 10694 bytes
(epstopdf)             Command: <repstopdf --outfile=fig8a-eps-converted-to.pdf
 fig8a.eps>
(epstopdf)             \includegraphics on input line 393.
Package epstopdf Info: Output file is already uptodate.
<fig8a-eps-converted-to.pdf, id=146, 709.65125pt x 517.935pt>
File: fig8a-eps-converted-to.pdf Graphic file (type pdf)
<use fig8a-eps-converted-to.pdf>
Package pdftex.def Info: fig8a-eps-converted-to.pdf  used on input line 393.
(pdftex.def)             Requested size: 244.69386pt x 178.58502pt.
Package epstopdf Info: Source file: <fig8b.eps>
(epstopdf)                    date: 2020-11-03 10:26:15
(epstopdf)                    size: 21517 bytes
(epstopdf)             Output file: <fig8b-eps-converted-to.pdf>
(epstopdf)                    date: 2020-11-03 10:26:19
(epstopdf)                    size: 10974 bytes
(epstopdf)             Command: <repstopdf --outfile=fig8b-eps-converted-to.pdf
 fig8b.eps>
(epstopdf)             \includegraphics on input line 395.
Package epstopdf Info: Output file is already uptodate.
<fig8b-eps-converted-to.pdf, id=147, 703.62875pt x 497.86pt>
File: fig8b-eps-converted-to.pdf Graphic file (type pdf)
<use fig8b-eps-converted-to.pdf>
Package pdftex.def Info: fig8b-eps-converted-to.pdf  used on input line 395.
(pdftex.def)             Requested size: 244.69386pt x 173.12929pt.
Package epstopdf Info: Source file: <fig9.eps>
(epstopdf)                    date: 2020-11-03 10:30:25
(epstopdf)                    size: 76204 bytes
(epstopdf)             Output file: <fig9-eps-converted-to.pdf>
(epstopdf)                    date: 2020-11-03 10:30:31
(epstopdf)                    size: 26248 bytes
(epstopdf)             Command: <repstopdf --outfile=fig9-eps-converted-to.pdf 
fig9.eps>
(epstopdf)             \includegraphics on input line 400.
Package epstopdf Info: Output file is already uptodate.
<fig9-eps-converted-to.pdf, id=148, 744.7825pt x 513.92pt>
File: fig9-eps-converted-to.pdf Graphic file (type pdf)
<use fig9-eps-converted-to.pdf>
Package pdftex.def Info: fig9-eps-converted-to.pdf  used on input line 400.
(pdftex.def)             Requested size: 244.69386pt x 168.84131pt.


LaTeX Warning: `!h' float specifier changed to `!ht'.

[13 <./fig8a-eps-converted-to.pdf> <./fig8b-eps-converted-to.pdf> <./fig9-eps-c
onverted-to.pdf>]
Package epstopdf Info: Source file: <fig10a.eps>
(epstopdf)                    date: 2020-11-03 09:02:52
(epstopdf)                    size: 9452180 bytes
(epstopdf)             Output file: <fig10a-eps-converted-to.pdf>
(epstopdf)                    date: 2020-11-03 09:02:52
(epstopdf)                    size: 573739 bytes
(epstopdf)             Command: <repstopdf --outfile=fig10a-eps-converted-to.pd
f fig10a.eps>
(epstopdf)             \includegraphics on input line 415.
Package epstopdf Info: Output file is already uptodate.
<fig10a-eps-converted-to.pdf, id=172, 1584.92125pt x 987.69pt>
File: fig10a-eps-converted-to.pdf Graphic file (type pdf)
<use fig10a-eps-converted-to.pdf>
Package pdftex.def Info: fig10a-eps-converted-to.pdf  used on input line 415.
(pdftex.def)             Requested size: 244.69386pt x 152.48753pt.
Package epstopdf Info: Source file: <fig10b.eps>
(epstopdf)                    date: 2020-11-03 09:02:52
(epstopdf)                    size: 9452180 bytes
(epstopdf)             Output file: <fig10b-eps-converted-to.pdf>
(epstopdf)                    date: 2020-11-03 09:02:52
(epstopdf)                    size: 504227 bytes
(epstopdf)             Command: <repstopdf --outfile=fig10b-eps-converted-to.pd
f fig10b.eps>
(epstopdf)             \includegraphics on input line 417.
Package epstopdf Info: Output file is already uptodate.
<fig10b-eps-converted-to.pdf, id=173, 1584.92125pt x 987.69pt>
File: fig10b-eps-converted-to.pdf Graphic file (type pdf)
<use fig10b-eps-converted-to.pdf>
Package pdftex.def Info: fig10b-eps-converted-to.pdf  used on input line 417.
(pdftex.def)             Requested size: 244.69386pt x 152.48753pt.
Package epstopdf Info: Source file: <fig11.eps>
(epstopdf)                    date: 2020-11-03 10:30:25
(epstopdf)                    size: 21515 bytes
(epstopdf)             Output file: <fig11-eps-converted-to.pdf>
(epstopdf)                    date: 2020-11-03 10:30:31
(epstopdf)                    size: 10864 bytes
(epstopdf)             Command: <repstopdf --outfile=fig11-eps-converted-to.pdf
 fig11.eps>
(epstopdf)             \includegraphics on input line 422.
Package epstopdf Info: Output file is already uptodate.
<fig11-eps-converted-to.pdf, id=174, 702.625pt x 529.98pt>
File: fig11-eps-converted-to.pdf Graphic file (type pdf)
<use fig11-eps-converted-to.pdf>
Package pdftex.def Info: fig11-eps-converted-to.pdf  used on input line 422.
(pdftex.def)             Requested size: 244.69386pt x 184.56578pt.
 [14 <./fig10a-eps-converted-to.pdf> <./fig10b-eps-converted-to.pdf> <./fig11-e
ps-converted-to.pdf>]
Package epstopdf Info: Source file: <fig12.eps>
(epstopdf)                    date: 2020-11-03 10:32:43
(epstopdf)                    size: 176060 bytes
(epstopdf)             Output file: <fig12-eps-converted-to.pdf>
(epstopdf)                    date: 2020-11-03 10:32:47
(epstopdf)                    size: 32384 bytes
(epstopdf)             Command: <repstopdf --outfile=fig12-eps-converted-to.pdf
 fig12.eps>
(epstopdf)             \includegraphics on input line 433.
Package epstopdf Info: Output file is already uptodate.
<fig12-eps-converted-to.pdf, id=190, 754.82pt x 518.93875pt>
File: fig12-eps-converted-to.pdf Graphic file (type pdf)
<use fig12-eps-converted-to.pdf>
Package pdftex.def Info: fig12-eps-converted-to.pdf  used on input line 433.
(pdftex.def)             Requested size: 244.69386pt x 168.2255pt.
 (./Manuscript.bbl [15 <./fig12-eps-converted-to.pdf>]
Underfull \hbox (badness 1360) in paragraph at lines 9--14
 \OT1/cmr/m/n/9 es-ti-ma-tion of par-ti-tion func-tions rep-re-sent-ing dis-or-

 []


! LaTeX Error: \mathrm allowed only in math mode.

See the LaTeX manual or LaTeX Companion for explanation.
Type  H <return>  for immediate help.
 ...                                              
                                                  
l.148   \mathrm
               {Fe} and \mathrm{Fe}3\mathrm{C}.
? 

! LaTeX Error: \mathrm allowed only in math mode.

See the LaTeX manual or LaTeX Companion for explanation.
Type  H <return>  for immediate help.
 ...                                              
                                                  
l.148   \mathrm{Fe} and \mathrm
                               {Fe}3\mathrm{C}.
? 

! LaTeX Error: \mathrm allowed only in math mode.

See the LaTeX manual or LaTeX Companion for explanation.
Type  H <return>  for immediate help.
 ...                                              
                                                  
l.148   \mathrm{Fe} and \mathrm{Fe}3\mathrm
                                           {C}.
? 

Underfull \hbox (badness 2020) in paragraph at lines 146--150
 []\OT1/cmr/m/n/9 M. Eisen-bach, D. M. Nichol-son, A. Ru-sanu, and
 []


! LaTeX Error: \mathrm allowed only in math mode.

See the LaTeX manual or LaTeX Companion for explanation.
Type  H <return>  for immediate help.
 ...                                              
                                                  
l.153 ...ctional monte-carlo simulation of \mathrm
                                                  {CuZn}
? 

! Package inputenc Error: Unicode character ́ (U+0301)
(inputenc)                not set up for use with LaTeX.

See the inputenc package documentation for explanation.
Type  H <return>  for immediate help.
 ...                                              
                                                  
l.171 J~Ibarra, A~Várez, C~León, J~Santamarı́
                                                 a, L.M Torres-Martı́nez, and

? 

! Package inputenc Error: Unicode character ́ (U+0301)
(inputenc)                not set up for use with LaTeX.

See the inputenc package documentation for explanation.
Type  H <return>  for immediate help.
 ...                                              
                                                  
l.171 ...ón, J~Santamarı́a, L.M Torres-Martı́
                                                  nez, and
? 

! LaTeX Error: \mathrm allowed only in math mode.

See the LaTeX manual or LaTeX Companion for explanation.
Type  H <return>  for immediate help.
 ...                                              
                                                  
l.174   fast ionic conductors \mathrm
                                     {La}2/3−x\mathrm{Li}3x\mathrm{TiO}3
? 

! Package inputenc Error: Unicode character − (U+2212)
(inputenc)                not set up for use with LaTeX.

See the inputenc package documentation for explanation.
Type  H <return>  for immediate help.
 ...                                              
                                                  
l.174   fast ionic conductors \mathrm{La}2/3−
                                               x\mathrm{Li}3x\mathrm{TiO}3
? 

! LaTeX Error: \mathrm allowed only in math mode.

See the LaTeX manual or LaTeX Companion for explanation.
Type  H <return>  for immediate help.
 ...                                              
                                                  
l.174 ...onic conductors \mathrm{La}2/3−x\mathrm
                                                  {Li}3x\mathrm{TiO}3
? 

! LaTeX Error: \mathrm allowed only in math mode.

See the LaTeX manual or LaTeX Companion for explanation.
Type  H <return>  for immediate help.
 ...                                              
                                                  
l.174 ...rs \mathrm{La}2/3−x\mathrm{Li}3x\mathrm
                                                  {TiO}3
? 

! Package inputenc Error: Unicode character ≤ (U+2264)
(inputenc)                not set up for use with LaTeX.

See the inputenc package documentation for explanation.
Type  H <return>  for immediate help.
 ...                                              
                                                  
l.175   (0.03≤
                x≤0.167).
? 

! Package inputenc Error: Unicode character ≤ (U+2264)
(inputenc)                not set up for use with LaTeX.

See the inputenc package documentation for explanation.
Type  H <return>  for immediate help.
 ...                                              
                                                  
l.175   (0.03≤x≤
                    0.167).
? 

! LaTeX Error: \mathrm allowed only in math mode.

See the LaTeX manual or LaTeX Companion for explanation.
Type  H <return>  for immediate help.
 ...                                              
                                                  
l.183   electrolyte (\mathrm
                            {La},\mathrm{Li})\mathrm{TiO}3.
? 

! LaTeX Error: \mathrm allowed only in math mode.

See the LaTeX manual or LaTeX Companion for explanation.
Type  H <return>  for immediate help.
 ...                                              
                                                  
l.183   electrolyte (\mathrm{La},\mathrm
                                        {Li})\mathrm{TiO}3.
? 

! LaTeX Error: \mathrm allowed only in math mode.

See the LaTeX manual or LaTeX Companion for explanation.
Type  H <return>  for immediate help.
 ...                                              
                                                  
l.183 ...ctrolyte (\mathrm{La},\mathrm{Li})\mathrm
                                                  {TiO}3.
? 

Underfull \hbox (badness 3343) in paragraph at lines 179--185
 []\OT1/cmr/m/n/9 Hiroki Mori-wake, Xi-ang Gao, Ak-i-hide Kuwabara,
 []


! LaTeX Error: \mathrm allowed only in math mode.

See the LaTeX manual or LaTeX Companion for explanation.
Type  H <return>  for immediate help.
 ...                                              
                                                  
l.189   \mathrm
               {Li}0.5\mathrm{La}0.5\mathrm{TiO}3 ceramics via microwave sin...

? 

! LaTeX Error: \mathrm allowed only in math mode.

See the LaTeX manual or LaTeX Companion for explanation.
Type  H <return>  for immediate help.
 ...                                              
                                                  
l.189   \mathrm{Li}0.5\mathrm
                             {La}0.5\mathrm{TiO}3 ceramics via microwave sin...

? 

! LaTeX Error: \mathrm allowed only in math mode.

See the LaTeX manual or LaTeX Companion for explanation.
Type  H <return>  for immediate help.
 ...                                              
                                                  
l.189   \mathrm{Li}0.5\mathrm{La}0.5\mathrm
                                           {TiO}3 ceramics via microwave sin...

? 

! LaTeX Error: \mathrm allowed only in math mode.

See the LaTeX manual or LaTeX Companion for explanation.
Type  H <return>  for immediate help.
 ...                                              
                                                  
l.195 \newblock Peculiarities of \mathrm
                                        {Li}0.5\mathrm{La}0.5\mathrm{TiO}3 f...

? 

! LaTeX Error: \mathrm allowed only in math mode.

See the LaTeX manual or LaTeX Companion for explanation.
Type  H <return>  for immediate help.
 ...                                              
                                                  
l.195 ...ck Peculiarities of \mathrm{Li}0.5\mathrm
                                                  {La}0.5\mathrm{TiO}3 forma...

? 

! LaTeX Error: \mathrm allowed only in math mode.

See the LaTeX manual or LaTeX Companion for explanation.
Type  H <return>  for immediate help.
 ...                                              
                                                  
l.195 ...es of \mathrm{Li}0.5\mathrm{La}0.5\mathrm
                                                  {TiO}3 formation
? 

! Package inputenc Error: Unicode character   (U+2009)
(inputenc)                not set up for use with LaTeX.

See the inputenc package documentation for explanation.
Type  H <return>  for immediate help.
 ...                                              
                                                  
l.201 \newblock Lithium lanthanum titanates: 
                                                a review.
? 
[16]

! LaTeX Error: \mathrm allowed only in math mode.

See the LaTeX manual or LaTeX Companion for explanation.
Type  H <return>  for immediate help.
 ...                                              
                                                  
l.206 ...deling of lithium ordering in the \mathrm
                                                  {LLTO}
? 

! LaTeX Error: \mathrm allowed only in math mode.

See the LaTeX manual or LaTeX Companion for explanation.
Type  H <return>  for immediate help.
 ...                                              
                                                  
l.207   (\mathrm
                {Li}x\mathrm{La}2/3-x/3\mathrm{TiO}3) superionic conductor.
? 

! LaTeX Error: \mathrm allowed only in math mode.

See the LaTeX manual or LaTeX Companion for explanation.
Type  H <return>  for immediate help.
 ...                                              
                                                  
l.207   (\mathrm{Li}x\mathrm
                            {La}2/3-x/3\mathrm{TiO}3) superionic conductor.
? 

! LaTeX Error: \mathrm allowed only in math mode.

See the LaTeX manual or LaTeX Companion for explanation.
Type  H <return>  for immediate help.
 ...                                              
                                                  
l.207   (\mathrm{Li}x\mathrm{La}2/3-x/3\mathrm
                                              {TiO}3) superionic conductor.
? 

Underfull \hbox (badness 1297) in paragraph at lines 215--219
 \OT1/cmr/m/n/9 dimensional vi-su-al-iza-tion of crys-tal, vol-u-met-ric and
 []


Underfull \hbox (badness 1210) in paragraph at lines 293--299
 \OT1/cmr/m/n/9 Oki, Takeshi To-jig-amori, Rong Huang, and Yuichi
 []


! LaTeX Error: \mathrm allowed only in math mode.

See the LaTeX manual or LaTeX Companion for explanation.
Type  H <return>  for immediate help.
 ...                                              
                                                  
l.303 \newblock On the location of \mathrm
                                          {Li}+ cations in the fast
? 

! LaTeX Error: \mathrm allowed only in math mode.

See the LaTeX manual or LaTeX Companion for explanation.
Type  H <return>  for immediate help.
 ...                                              
                                                  
l.304   \mathrm
               {Li}-cation conductor \mathrm{La}0.5\mathrm{Li}0.5\mathrm{TiO}3
? 

! LaTeX Error: \mathrm allowed only in math mode.

See the LaTeX manual or LaTeX Companion for explanation.
Type  H <return>  for immediate help.
 ...                                              
                                                  
l.304   \mathrm{Li}-cation conductor \mathrm
                                            {La}0.5\mathrm{Li}0.5\mathrm{TiO}3
? 

! LaTeX Error: \mathrm allowed only in math mode.

See the LaTeX manual or LaTeX Companion for explanation.
Type  H <return>  for immediate help.
 ...                                              
                                                  
l.304 ...i}-cation conductor \mathrm{La}0.5\mathrm
                                                  {Li}0.5\mathrm{TiO}3
? 

! LaTeX Error: \mathrm allowed only in math mode.

See the LaTeX manual or LaTeX Companion for explanation.
Type  H <return>  for immediate help.
 ...                                              
                                                  
l.304 ...uctor \mathrm{La}0.5\mathrm{Li}0.5\mathrm
                                                  {TiO}3
? 
) [17] (./Manuscript.aux)

LaTeX Warning: There were multiply-defined labels.

 ) 
Here is how much of TeX's memory you used:
 5263 strings out of 483065
 73564 string characters out of 5963550
 343472 words of memory out of 5000000
 20195 multiletter control sequences out of 15000+600000
 540453 words of font info for 56 fonts, out of 8000000 for 9000
 81 hyphenation exceptions out of 8191
 30i,17n,31p,3753b,469s stack positions out of 5000i,500n,10000p,200000b,80000s
</usr/share/texlive/texmf-dist/fonts/type1/public/amsfonts/cm/cmbx12.pfb></us
r/share/texlive/texmf-dist/fonts/type1/public/amsfonts/cm/cmbx9.pfb></usr/share
/texlive/texmf-dist/fonts/type1/public/amsfonts/cm/cmex10.pfb></usr/share/texli
ve/texmf-dist/fonts/type1/public/amsfonts/cm/cmmi10.pfb></usr/share/texlive/tex
mf-dist/fonts/type1/public/amsfonts/cm/cmmi5.pfb></usr/share/texlive/texmf-dist
/fonts/type1/public/amsfonts/cm/cmmi6.pfb></usr/share/texlive/texmf-dist/fonts/
type1/public/amsfonts/cm/cmmi7.pfb></usr/share/texlive/texmf-dist/fonts/type1/p
ublic/amsfonts/cm/cmmi9.pfb></usr/share/texlive/texmf-dist/fonts/type1/public/a
msfonts/cm/cmr10.pfb></usr/share/texlive/texmf-dist/fonts/type1/public/amsfonts
/cm/cmr5.pfb></usr/share/texlive/texmf-dist/fonts/type1/public/amsfonts/cm/cmr6
.pfb></usr/share/texlive/texmf-dist/fonts/type1/public/amsfonts/cm/cmr7.pfb></u
sr/share/texlive/texmf-dist/fonts/type1/public/amsfonts/cm/cmr8.pfb></usr/share
/texlive/texmf-dist/fonts/type1/public/amsfonts/cm/cmr9.pfb></usr/share/texlive
/texmf-dist/fonts/type1/public/amsfonts/cm/cmsy10.pfb></usr/share/texlive/texmf
-dist/fonts/type1/public/amsfonts/cm/cmsy5.pfb></usr/share/texlive/texmf-dist/f
onts/type1/public/amsfonts/cm/cmsy6.pfb></usr/share/texlive/texmf-dist/fonts/ty
pe1/public/amsfonts/cm/cmsy7.pfb></usr/share/texlive/texmf-dist/fonts/type1/pub
lic/amsfonts/cm/cmsy9.pfb></usr/share/texlive/texmf-dist/fonts/type1/public/ams
fonts/cm/cmti10.pfb></usr/share/texlive/texmf-dist/fonts/type1/public/amsfonts/
cm/cmti9.pfb></usr/share/texlive/texmf-dist/fonts/type1/public/amsfonts/cm/cmtt
9.pfb></usr/share/texlive/texmf-dist/fonts/type1/public/amsfonts/symbols/msam10
.pfb>
Output written on Manuscript.pdf (17 pages, 1914756 bytes).
PDF statistics:
 278 PDF objects out of 1000 (max. 8388607)
 191 compressed objects within 2 object streams
 0 named destinations out of 1000 (max. 500000)
 101 words of extra memory for PDF output out of 10000 (max. 10000000)

